TN:
SF:C:/Users/a263625/git/TM DEV/Test_Manager/7_implementation/tm/tm-web/src/polyfills.ts
FNF:0
FNH:0
DA:22,1
DA:23,1
DA:24,1
DA:25,1
DA:26,1
DA:27,1
DA:28,1
DA:29,1
DA:30,1
DA:31,1
DA:32,1
DA:33,1
DA:34,1
DA:35,1
DA:41,1
DA:42,1
DA:56,1
LF:17
LH:17
BRF:0
BRH:0
end_of_record
TN:
SF:C:/Users/a263625/git/TM DEV/Test_Manager/7_implementation/tm/tm-web/src/test.ts
FN:20,(anonymous_0)
FNF:1
FNH:1
FNDA:1,(anonymous_0)
DA:3,1
DA:4,1
DA:5,1
DA:6,1
DA:7,1
DA:8,1
DA:9,1
DA:10,1
DA:20,1
DA:23,1
DA:28,1
DA:30,1
DA:32,1
LF:13
LH:13
BRF:0
BRH:0
end_of_record
TN:
SF:C:/Users/a263625/git/TM DEV/Test_Manager/7_implementation/tm/tm-web/src/app/app-routing.module.ts
FN:83,(anonymous_1)
FNF:1
FNH:1
FNDA:1,(anonymous_1)
DA:1,1
DA:2,1
DA:3,1
DA:4,1
DA:6,1
DA:8,1
DA:83,1
LF:7
LH:7
BRF:0
BRH:0
end_of_record
TN:
SF:C:/Users/a263625/git/TM DEV/Test_Manager/7_implementation/tm/tm-web/src/app/app.component.ts
FN:14,(anonymous_2)
FN:15,AppComponent
FN:17,(anonymous_4)
FNF:3
FNH:1
FNDA:1,(anonymous_2)
FNDA:0,AppComponent
FNDA:0,(anonymous_4)
DA:1,1
DA:3,1
DA:7,1
DA:14,1
DA:15,0
DA:17,1
DA:20,0
DA:25,1
LF:8
LH:6
BRDA:15,0,0,1
BRDA:15,0,1,0
BRDA:15,1,0,1
BRDA:15,2,0,1
BRDA:15,2,1,1
BRDA:15,2,2,0
BRDA:15,3,0,1
BRDA:15,3,1,1
BRF:8
BRH:6
end_of_record
TN:
SF:C:/Users/a263625/git/TM DEV/Test_Manager/7_implementation/tm/tm-web/src/app/app.module.ts
FN:56,(anonymous_1)
FNF:1
FNH:1
FNDA:1,(anonymous_1)
DA:1,1
DA:2,1
DA:3,1
DA:4,1
DA:5,1
DA:6,1
DA:7,1
DA:8,1
DA:9,1
DA:10,1
DA:11,1
DA:12,1
DA:13,1
DA:14,1
DA:15,1
DA:16,1
DA:17,1
DA:18,1
DA:19,1
DA:20,1
DA:21,1
DA:22,1
DA:24,1
DA:56,1
DA:60,1
LF:25
LH:25
BRDA:24,0,0,1
BRDA:24,0,1,0
BRF:2
BRH:1
end_of_record
TN:
SF:C:/Users/a263625/git/TM DEV/Test_Manager/7_implementation/tm/tm-web/src/app/app.reducer.ts
FNF:0
FNH:0
DA:1,1
DA:10,1
LF:2
LH:2
BRF:0
BRH:0
end_of_record
TN:
SF:C:/Users/a263625/git/TM DEV/Test_Manager/7_implementation/tm/tm-web/src/app/core/core.module.ts
FN:50,(anonymous_1)
FNF:1
FNH:1
FNDA:1,(anonymous_1)
DA:1,1
DA:2,1
DA:3,1
DA:4,1
DA:5,1
DA:6,1
DA:7,1
DA:8,1
DA:9,1
DA:10,1
DA:11,1
DA:12,1
DA:13,1
DA:14,1
DA:15,1
DA:16,1
DA:17,1
DA:18,1
DA:19,1
DA:20,1
DA:21,1
DA:22,1
DA:23,1
DA:50,1
LF:24
LH:24
BRF:0
BRH:0
end_of_record
TN:
SF:C:/Users/a263625/git/TM DEV/Test_Manager/7_implementation/tm/tm-web/src/app/core/components/breadcrumbs/breadcrumbs.component.ts
FN:13,(anonymous_2)
FN:17,BreadcrumbsComponent
FN:20,(anonymous_4)
FN:43,(anonymous_5)
FN:44,(anonymous_6)
FN:47,(anonymous_7)
FNF:6
FNH:1
FNDA:1,(anonymous_2)
FNDA:0,BreadcrumbsComponent
FNDA:0,(anonymous_4)
FNDA:0,(anonymous_5)
FNDA:0,(anonymous_6)
FNDA:0,(anonymous_7)
DA:1,1
DA:2,1
DA:4,1
DA:13,1
DA:17,0
DA:20,1
DA:21,0
DA:22,0
DA:24,0
DA:25,0
DA:29,0
DA:38,0
DA:40,0
DA:43,1
DA:44,0
DA:47,1
DA:48,0
DA:50,1
LF:18
LH:8
BRDA:25,0,0,0
BRDA:25,0,1,0
BRDA:25,1,0,0
BRDA:25,1,1,0
BRDA:25,1,2,0
BRDA:17,2,0,1
BRDA:17,2,1,0
BRDA:17,3,0,1
BRF:8
BRH:2
end_of_record
TN:
SF:C:/Users/a263625/git/TM DEV/Test_Manager/7_implementation/tm/tm-web/src/app/core/components/breadcrumbs/breadcrumbs.module.ts
FN:17,(anonymous_1)
FNF:1
FNH:1
FNDA:1,(anonymous_1)
DA:2,1
DA:3,1
DA:4,1
DA:5,1
DA:17,1
LF:5
LH:5
BRF:0
BRH:0
end_of_record
TN:
SF:C:/Users/a263625/git/TM DEV/Test_Manager/7_implementation/tm/tm-web/src/app/core/components/main-menu/main-menu-settings.ts
FN:3,(anonymous_0)
FNF:1
FNH:1
FNDA:1,(anonymous_0)
DA:3,1
DA:4,1
DA:12,1
LF:3
LH:3
BRF:0
BRH:0
end_of_record
TN:
SF:C:/Users/a263625/git/TM DEV/Test_Manager/7_implementation/tm/tm-web/src/app/core/components/main-menu/main-menu.actions.ts
FN:3,(anonymous_0)
FN:7,(anonymous_1)
FN:8,(anonymous_2)
FNF:3
FNH:3
FNDA:1,(anonymous_0)
FNDA:1,(anonymous_1)
FNDA:1,(anonymous_2)
DA:3,1
DA:4,1
DA:7,1
DA:8,1
DA:9,0
DA:10,1
LF:6
LH:5
BRDA:3,0,0,1
BRDA:3,0,1,1
BRDA:7,1,0,1
BRDA:7,1,1,1
BRF:4
BRH:4
end_of_record
TN:
SF:C:/Users/a263625/git/TM DEV/Test_Manager/7_implementation/tm/tm-web/src/app/core/components/main-menu/main-menu.component.ts
FN:17,(anonymous_2)
FN:21,MainMenuComponent
FN:24,(anonymous_4)
FN:28,(anonymous_5)
FN:32,(anonymous_6)
FN:36,(anonymous_7)
FN:38,(anonymous_8)
FNF:7
FNH:1
FNDA:1,(anonymous_2)
FNDA:0,MainMenuComponent
FNDA:0,(anonymous_4)
FNDA:0,(anonymous_5)
FNDA:0,(anonymous_6)
FNDA:0,(anonymous_7)
FNDA:0,(anonymous_8)
DA:1,1
DA:2,1
DA:5,1
DA:7,1
DA:8,1
DA:9,1
DA:10,1
DA:17,1
DA:18,0
DA:21,0
DA:24,1
DA:25,0
DA:28,1
DA:29,0
DA:32,1
DA:33,0
DA:34,0
DA:36,1
DA:38,1
DA:39,0
DA:41,1
LF:21
LH:14
BRDA:21,0,0,1
BRDA:21,0,1,0
BRDA:21,1,0,1
BRF:3
BRH:2
end_of_record
TN:
SF:C:/Users/a263625/git/TM DEV/Test_Manager/7_implementation/tm/tm-web/src/app/core/components/main-menu/main-menu.module.ts
FN:28,(anonymous_2)
FN:29,MainMenuModule
FNF:2
FNH:1
FNDA:1,(anonymous_2)
FNDA:0,MainMenuModule
DA:1,1
DA:2,1
DA:4,1
DA:5,1
DA:6,1
DA:7,1
DA:8,1
DA:9,1
DA:10,1
DA:12,1
DA:28,1
DA:29,0
DA:30,0
DA:32,1
LF:14
LH:12
BRDA:29,0,0,1
BRDA:29,0,1,0
BRDA:29,1,0,1
BRF:3
BRH:2
end_of_record
TN:
SF:C:/Users/a263625/git/TM DEV/Test_Manager/7_implementation/tm/tm-web/src/app/core/components/main-menu/main-menu.reducer.ts
FN:12,mainMenuReducer
FN:26,(anonymous_2)
FNF:2
FNH:0
FNDA:0,mainMenuReducer
FNDA:0,(anonymous_2)
DA:1,1
DA:2,1
DA:8,1
DA:12,1
DA:15,0
DA:17,0
DA:22,0
DA:26,1
DA:28,1
DA:29,1
LF:10
LH:7
BRDA:12,0,0,0
BRDA:12,0,1,0
BRDA:16,1,0,0
BRDA:16,1,1,0
BRF:4
BRH:0
end_of_record
TN:
SF:C:/Users/a263625/git/TM DEV/Test_Manager/7_implementation/tm/tm-web/src/app/core/components/table/table.component.ts
FN:15,(anonymous_2)
FN:43,TableComponent
FN:45,(anonymous_4)
FN:47,(anonymous_5)
FN:52,(anonymous_6)
FN:58,(anonymous_7)
FN:66,(anonymous_8)
FN:73,(anonymous_9)
FN:81,(anonymous_10)
FN:85,(anonymous_11)
FN:90,(anonymous_12)
FNF:11
FNH:1
FNDA:1,(anonymous_2)
FNDA:0,TableComponent
FNDA:0,(anonymous_4)
FNDA:0,(anonymous_5)
FNDA:0,(anonymous_6)
FNDA:0,(anonymous_7)
FNDA:0,(anonymous_8)
FNDA:0,(anonymous_9)
FNDA:0,(anonymous_10)
FNDA:0,(anonymous_11)
FNDA:0,(anonymous_12)
DA:1,1
DA:2,1
DA:3,1
DA:5,1
DA:6,1
DA:7,1
DA:15,1
DA:16,1
DA:18,1
DA:19,1
DA:20,1
DA:21,1
DA:22,1
DA:23,1
DA:24,1
DA:25,1
DA:27,1
DA:28,1
DA:29,1
DA:30,1
DA:31,1
DA:32,1
DA:33,1
DA:36,0
DA:37,0
DA:39,0
DA:43,0
DA:45,1
DA:47,1
DA:48,0
DA:49,0
DA:52,1
DA:53,0
DA:54,0
DA:55,0
DA:58,1
DA:59,0
DA:66,1
DA:67,0
DA:73,1
DA:74,0
DA:75,0
DA:76,0
DA:77,0
DA:81,1
DA:82,0
DA:85,1
DA:86,0
DA:87,0
DA:90,1
DA:91,0
DA:92,0
DA:94,1
LF:53
LH:33
BRDA:75,0,0,0
BRDA:75,0,1,0
BRDA:19,1,0,0
BRDA:19,1,1,1
BRDA:19,2,0,0
BRDA:20,3,0,0
BRDA:20,3,1,1
BRDA:20,4,0,0
BRDA:27,5,0,1
BRDA:27,5,1,0
BRDA:27,6,0,1
BRDA:28,7,0,1
BRDA:28,7,1,0
BRDA:28,8,0,1
BRDA:29,9,0,1
BRDA:29,9,1,0
BRDA:29,10,0,1
BRDA:30,11,0,1
BRDA:30,11,1,0
BRDA:30,12,0,1
BRDA:31,13,0,1
BRDA:31,13,1,0
BRDA:31,14,0,1
BRDA:32,15,0,1
BRDA:32,15,1,0
BRDA:32,16,0,1
BRDA:33,17,0,1
BRDA:33,17,1,0
BRDA:33,18,0,1
BRDA:43,19,0,1
BRDA:43,19,1,0
BRDA:43,20,0,1
BRF:32
BRH:18
end_of_record
TN:
SF:C:/Users/a263625/git/TM DEV/Test_Manager/7_implementation/tm/tm-web/src/app/core/components/table/table.module.ts
FN:29,(anonymous_1)
FNF:1
FNH:1
FNDA:1,(anonymous_1)
DA:1,1
DA:2,1
DA:3,1
DA:4,1
DA:5,1
DA:6,1
DA:7,1
DA:8,1
DA:9,1
DA:29,1
LF:10
LH:10
BRF:0
BRH:0
end_of_record
TN:
SF:C:/Users/a263625/git/TM DEV/Test_Manager/7_implementation/tm/tm-web/src/app/core/components/table/table-cell-template/table-cell-template.directive.ts
FN:6,(anonymous_1)
FNF:1
FNH:1
FNDA:1,(anonymous_1)
DA:1,1
DA:6,1
LF:2
LH:2
BRF:0
BRH:0
end_of_record
TN:
SF:C:/Users/a263625/git/TM DEV/Test_Manager/7_implementation/tm/tm-web/src/app/core/components/table/table-cell-template/table-cell-template.module.ts
FN:14,(anonymous_1)
FNF:1
FNH:1
FNDA:1,(anonymous_1)
DA:1,1
DA:2,1
DA:3,1
DA:5,1
DA:14,1
LF:5
LH:5
BRF:0
BRH:0
end_of_record
TN:
SF:C:/Users/a263625/git/TM DEV/Test_Manager/7_implementation/tm/tm-web/src/app/core/components/table/table-column/table-column.component.ts
FN:10,(anonymous_2)
FNF:1
FNH:1
FNDA:1,(anonymous_2)
DA:1,1
DA:2,1
DA:3,1
DA:10,1
DA:11,1
DA:12,1
DA:13,1
DA:14,1
DA:15,1
DA:16,1
LF:10
LH:10
BRF:0
BRH:0
end_of_record
TN:
SF:C:/Users/a263625/git/TM DEV/Test_Manager/7_implementation/tm/tm-web/src/app/core/components/table/table-column/table-column.module.ts
FN:14,(anonymous_1)
FNF:1
FNH:1
FNDA:1,(anonymous_1)
DA:1,1
DA:2,1
DA:3,1
DA:5,1
DA:14,1
LF:5
LH:5
BRF:0
BRH:0
end_of_record
TN:
SF:C:/Users/a263625/git/TM DEV/Test_Manager/7_implementation/tm/tm-web/src/app/core/components/table/table-filter-template/table-filter-template.directive.ts
FN:6,(anonymous_2)
FN:8,TableFilterTemplateDirective
FNF:2
FNH:1
FNDA:1,(anonymous_2)
FNDA:0,TableFilterTemplateDirective
DA:1,1
DA:6,1
DA:10,1
LF:3
LH:3
BRF:0
BRH:0
end_of_record
TN:
SF:C:/Users/a263625/git/TM DEV/Test_Manager/7_implementation/tm/tm-web/src/app/core/components/table/table-filter-template/table-filter-template.module.ts
FN:14,(anonymous_1)
FNF:1
FNH:1
FNDA:1,(anonymous_1)
DA:1,1
DA:2,1
DA:3,1
DA:5,1
DA:14,1
LF:5
LH:5
BRF:0
BRH:0
end_of_record
TN:
SF:C:/Users/a263625/git/TM DEV/Test_Manager/7_implementation/tm/tm-web/src/app/core/components/table/table-text-filter/table-text-filter.component.ts
FN:11,(anonymous_2)
FN:19,TableTextFilterComponent
FN:21,(anonymous_4)
FN:27,(anonymous_5)
FNF:4
FNH:1
FNDA:1,(anonymous_2)
FNDA:0,TableTextFilterComponent
FNDA:0,(anonymous_4)
FNDA:0,(anonymous_5)
DA:1,1
DA:3,1
DA:4,1
DA:11,1
DA:12,1
DA:13,1
DA:14,1
DA:15,1
DA:17,0
DA:21,1
DA:22,0
DA:27,1
DA:28,0
DA:34,1
LF:14
LH:11
BRDA:15,0,0,1
BRDA:15,0,1,0
BRDA:15,1,0,1
BRF:3
BRH:2
end_of_record
TN:
SF:C:/Users/a263625/git/TM DEV/Test_Manager/7_implementation/tm/tm-web/src/app/core/components/table/table-text-filter/table-text-filter.module.ts
FN:16,(anonymous_1)
FNF:1
FNH:1
FNDA:1,(anonymous_1)
DA:1,1
DA:2,1
DA:3,1
DA:4,1
DA:6,1
DA:16,1
LF:6
LH:6
BRF:0
BRH:0
end_of_record
TN:
SF:C:/Users/a263625/git/TM DEV/Test_Manager/7_implementation/tm/tm-web/src/app/core/components/test-team/user-group/user-group.component.ts
FN:12,(anonymous_2)
FN:20,UserGroupComponent
FN:22,(anonymous_4)
FN:24,(anonymous_5)
FN:35,(anonymous_6)
FNF:5
FNH:1
FNDA:1,(anonymous_2)
FNDA:0,UserGroupComponent
FNDA:0,(anonymous_4)
FNDA:0,(anonymous_5)
FNDA:0,(anonymous_6)
DA:1,1
DA:2,1
DA:5,1
DA:6,1
DA:12,1
DA:13,1
DA:14,1
DA:15,1
DA:20,0
DA:22,1
DA:23,0
DA:24,0
DA:25,0
DA:26,0
DA:27,0
DA:29,0
DA:32,0
DA:35,1
DA:36,0
DA:39,1
LF:20
LH:11
BRDA:25,0,0,0
BRDA:25,0,1,0
BRDA:25,1,0,0
BRDA:25,1,1,0
BRDA:26,2,0,0
BRDA:26,2,1,0
BRDA:15,3,0,1
BRDA:15,3,1,0
BRDA:15,4,0,1
BRDA:20,5,0,1
BRDA:20,5,1,0
BRDA:20,6,0,1
BRF:12
BRH:4
end_of_record
TN:
SF:C:/Users/a263625/git/TM DEV/Test_Manager/7_implementation/tm/tm-web/src/app/core/components/test-team/user-group/user-group.module.ts
FN:17,(anonymous_1)
FNF:1
FNH:1
FNDA:1,(anonymous_1)
DA:2,1
DA:3,1
DA:4,1
DA:5,1
DA:17,1
LF:5
LH:5
BRF:0
BRH:0
end_of_record
TN:
SF:C:/Users/a263625/git/TM DEV/Test_Manager/7_implementation/tm/tm-web/src/app/core/components/test-team/user-site/user-site.component.ts
FN:12,(anonymous_2)
FN:20,UserSiteComponent
FN:22,(anonymous_4)
FN:24,(anonymous_5)
FN:35,(anonymous_6)
FNF:5
FNH:1
FNDA:1,(anonymous_2)
FNDA:0,UserSiteComponent
FNDA:0,(anonymous_4)
FNDA:0,(anonymous_5)
FNDA:0,(anonymous_6)
DA:1,1
DA:3,1
DA:5,1
DA:6,1
DA:12,1
DA:13,1
DA:14,1
DA:15,1
DA:20,0
DA:22,1
DA:23,0
DA:24,0
DA:25,0
DA:26,0
DA:27,0
DA:29,0
DA:32,0
DA:35,1
DA:36,0
DA:39,1
LF:20
LH:11
BRDA:25,0,0,0
BRDA:25,0,1,0
BRDA:25,1,0,0
BRDA:25,1,1,0
BRDA:26,2,0,0
BRDA:26,2,1,0
BRDA:15,3,0,1
BRDA:15,3,1,0
BRDA:15,4,0,1
BRDA:20,5,0,1
BRDA:20,5,1,0
BRDA:20,6,0,1
BRF:12
BRH:4
end_of_record
TN:
SF:C:/Users/a263625/git/TM DEV/Test_Manager/7_implementation/tm/tm-web/src/app/core/components/test-team/user-site/user-site.module.ts
FN:17,(anonymous_1)
FNF:1
FNH:1
FNDA:1,(anonymous_1)
DA:2,1
DA:3,1
DA:4,1
DA:5,1
DA:17,1
LF:5
LH:5
BRF:0
BRH:0
end_of_record
TN:
SF:C:/Users/a263625/git/TM DEV/Test_Manager/7_implementation/tm/tm-web/src/app/core/guards/auth.guard.ts
FN:12,(anonymous_2)
FN:13,AuthGuard
FN:15,(anonymous_4)
FN:17,(anonymous_5)
FNF:4
FNH:1
FNDA:1,(anonymous_2)
FNDA:0,AuthGuard
FNDA:0,(anonymous_4)
FNDA:0,(anonymous_5)
DA:1,1
DA:4,1
DA:6,1
DA:8,1
DA:9,1
DA:12,1
DA:13,0
DA:15,1
DA:16,0
DA:18,0
DA:19,0
DA:20,0
DA:21,0
DA:23,0
DA:26,1
LF:15
LH:8
BRDA:20,0,0,0
BRDA:20,0,1,0
BRDA:13,1,0,1
BRDA:13,1,1,0
BRDA:13,2,0,1
BRDA:13,3,0,1
BRDA:13,3,1,1
BRDA:13,3,2,0
BRDA:13,4,0,1
BRDA:13,4,1,1
BRF:10
BRH:6
end_of_record
TN:
SF:C:/Users/a263625/git/TM DEV/Test_Manager/7_implementation/tm/tm-web/src/app/core/guards/prevent-unsaved-changes-guard.ts
FN:10,(anonymous_1)
FN:11,(anonymous_3)
FNF:2
FNH:1
FNDA:1,(anonymous_1)
FNDA:0,(anonymous_3)
DA:2,1
DA:10,1
DA:11,1
DA:13,0
DA:16,1
LF:5
LH:4
BRDA:14,0,0,0
BRDA:14,0,1,0
BRF:2
BRH:0
end_of_record
TN:
SF:C:/Users/a263625/git/TM DEV/Test_Manager/7_implementation/tm/tm-web/src/app/core/interceptors/base-url-interceptor.ts
FN:6,(anonymous_1)
FN:7,(anonymous_3)
FNF:2
FNH:1
FNDA:1,(anonymous_1)
FNDA:0,(anonymous_3)
DA:1,1
DA:6,1
DA:7,1
DA:8,0
DA:11,1
LF:5
LH:4
BRF:0
BRH:0
end_of_record
TN:
SF:C:/Users/a263625/git/TM DEV/Test_Manager/7_implementation/tm/tm-web/src/app/core/interceptors/token.interceptor.ts
FN:16,(anonymous_2)
FN:22,TokenInterceptor
FN:27,(anonymous_4)
FN:45,(anonymous_5)
FNF:4
FNH:1
FNDA:1,(anonymous_2)
FNDA:0,TokenInterceptor
FNDA:0,(anonymous_4)
FNDA:0,(anonymous_5)
DA:2,1
DA:5,1
DA:6,1
DA:7,1
DA:8,1
DA:12,1
DA:13,1
DA:16,1
DA:18,0
DA:22,0
DA:23,0
DA:24,0
DA:27,1
DA:43,0
DA:46,0
DA:47,0
DA:48,0
DA:54,0
DA:58,1
LF:19
LH:10
BRDA:47,0,0,0
BRDA:47,0,1,0
BRDA:22,1,0,1
BRDA:22,1,1,0
BRDA:22,2,0,1
BRDA:22,3,0,1
BRDA:22,3,1,1
BRDA:22,3,2,0
BRDA:22,4,0,1
BRDA:22,4,1,1
BRF:10
BRH:6
end_of_record
TN:
SF:C:/Users/a263625/git/TM DEV/Test_Manager/7_implementation/tm/tm-web/src/app/core/interfaces/sort.i.ts
FN:6,(anonymous_0)
FNF:1
FNH:1
FNDA:1,(anonymous_0)
DA:6,1
DA:7,1
DA:8,1
LF:3
LH:3
BRDA:6,0,0,1
BRDA:6,0,1,1
BRF:2
BRH:2
end_of_record
TN:
SF:C:/Users/a263625/git/TM DEV/Test_Manager/7_implementation/tm/tm-web/src/app/core/pipes/boolean-to-yes-no/boolean-to-yes-no.pipe.module.ts
FN:12,(anonymous_1)
FNF:1
FNH:1
FNDA:1,(anonymous_1)
DA:1,1
DA:2,1
DA:3,1
DA:12,1
LF:4
LH:4
BRF:0
BRH:0
end_of_record
TN:
SF:C:/Users/a263625/git/TM DEV/Test_Manager/7_implementation/tm/tm-web/src/app/core/pipes/boolean-to-yes-no/boolean-to-yes-no.pipe.ts
FN:6,(anonymous_1)
FN:8,(anonymous_3)
FNF:2
FNH:1
FNDA:1,(anonymous_1)
FNDA:0,(anonymous_3)
DA:1,1
DA:6,1
DA:8,1
DA:9,0
DA:12,1
LF:5
LH:4
BRDA:9,0,0,0
BRDA:9,0,1,0
BRF:2
BRH:0
end_of_record
TN:
SF:C:/Users/a263625/git/TM DEV/Test_Manager/7_implementation/tm/tm-web/src/app/core/pipes/defaultFill/default-fill.pipe.ts
FN:6,(anonymous_1)
FN:3,DefaultFillPipe
FN:8,(anonymous_3)
FNF:3
FNH:1
FNDA:1,(anonymous_1)
FNDA:0,DefaultFillPipe
FNDA:0,(anonymous_3)
DA:1,1
DA:6,1
DA:7,0
DA:8,1
DA:9,0
DA:11,1
LF:6
LH:4
BRDA:9,0,0,0
BRDA:9,0,1,0
BRDA:9,1,0,0
BRDA:9,1,1,0
BRF:4
BRH:0
end_of_record
TN:
SF:C:/Users/a263625/git/TM DEV/Test_Manager/7_implementation/tm/tm-web/src/app/core/pipes/options-from-enum/options-from-enum.module.ts
FN:12,(anonymous_1)
FNF:1
FNH:1
FNDA:1,(anonymous_1)
DA:1,1
DA:2,1
DA:3,1
DA:12,1
LF:4
LH:4
BRF:0
BRH:0
end_of_record
TN:
SF:C:/Users/a263625/git/TM DEV/Test_Manager/7_implementation/tm/tm-web/src/app/core/pipes/options-from-enum/options-from-enum.pipe.ts
FN:7,(anonymous_1)
FN:9,(anonymous_3)
FN:12,(anonymous_4)
FNF:3
FNH:1
FNDA:1,(anonymous_1)
FNDA:0,(anonymous_3)
FNDA:0,(anonymous_4)
DA:1,1
DA:7,1
DA:9,1
DA:10,0
DA:13,0
DA:20,1
LF:6
LH:4
BRF:0
BRH:0
end_of_record
TN:
SF:C:/Users/a263625/git/TM DEV/Test_Manager/7_implementation/tm/tm-web/src/app/core/services/date/date-handler.service.ts
FN:5,(anonymous_2)
FN:7,DateHandlerService
FN:8,(anonymous_4)
FN:16,(anonymous_5)
FNF:4
FNH:1
FNDA:1,(anonymous_2)
FNDA:0,DateHandlerService
FNDA:0,(anonymous_4)
FNDA:0,(anonymous_5)
DA:1,1
DA:2,1
DA:5,1
DA:8,1
DA:9,0
DA:10,0
DA:16,1
DA:17,0
DA:18,0
DA:20,1
LF:10
LH:6
BRDA:9,0,0,0
BRDA:9,0,1,0
BRDA:17,1,0,0
BRDA:17,1,1,0
BRF:4
BRH:0
end_of_record
TN:
SF:C:/Users/a263625/git/TM DEV/Test_Manager/7_implementation/tm/tm-web/src/app/core/services/file-upload/file-upload.service.ts
FN:6,(anonymous_2)
FN:9,FileUploadService
FN:11,(anonymous_4)
FNF:3
FNH:1
FNDA:1,(anonymous_2)
FNDA:0,FileUploadService
FNDA:0,(anonymous_4)
DA:1,1
DA:2,1
DA:3,1
DA:6,1
DA:7,0
DA:9,0
DA:11,1
DA:12,0
DA:15,1
LF:9
LH:6
BRDA:9,0,0,1
BRDA:9,0,1,0
BRDA:9,1,0,1
BRF:3
BRH:2
end_of_record
TN:
SF:C:/Users/a263625/git/TM DEV/Test_Manager/7_implementation/tm/tm-web/src/app/core/services/local-storage/local-storage.config.ts
FNF:0
FNH:0
DA:7,1
LF:1
LH:1
BRF:0
BRH:0
end_of_record
TN:
SF:C:/Users/a263625/git/TM DEV/Test_Manager/7_implementation/tm/tm-web/src/app/core/services/local-storage/local-storage.service.ts
FN:8,(anonymous_1)
FN:10,(anonymous_3)
FN:11,(anonymous_4)
FN:19,(anonymous_5)
FN:27,(anonymous_6)
FN:29,(anonymous_7)
FN:30,(anonymous_8)
FN:33,(anonymous_9)
FNF:8
FNH:1
FNDA:1,(anonymous_1)
FNDA:0,(anonymous_3)
FNDA:0,(anonymous_4)
FNDA:0,(anonymous_5)
FNDA:0,(anonymous_6)
FNDA:0,(anonymous_7)
FNDA:0,(anonymous_8)
FNDA:0,(anonymous_9)
DA:1,1
DA:2,1
DA:3,1
DA:8,1
DA:10,1
DA:11,0
DA:12,0
DA:13,0
DA:14,0
DA:19,1
DA:20,0
DA:24,0
DA:27,1
DA:28,0
DA:29,0
DA:30,0
DA:33,1
DA:34,0
DA:36,1
LF:19
LH:9
BRDA:13,0,0,0
BRDA:13,0,1,0
BRDA:13,1,0,0
BRDA:13,1,1,0
BRDA:19,2,0,0
BRDA:19,2,1,0
BRDA:27,3,0,0
BRDA:27,3,1,0
BRDA:34,4,0,0
BRDA:34,4,1,0
BRF:10
BRH:0
end_of_record
TN:
SF:C:/Users/a263625/git/TM DEV/Test_Manager/7_implementation/tm/tm-web/src/app/core/services/security/oauth.config.ts
FNF:0
FNH:0
DA:2,1
DA:4,1
LF:2
LH:2
BRF:0
BRH:0
end_of_record
TN:
SF:C:/Users/a263625/git/TM DEV/Test_Manager/7_implementation/tm/tm-web/src/app/core/services/security/security.actions.ts
FN:14,(anonymous_0)
FN:18,(anonymous_2)
FN:22,(anonymous_4)
FN:26,(anonymous_6)
FN:30,(anonymous_8)
FN:33,LoginSuccess
FN:36,(anonymous_10)
FNF:7
FNH:6
FNDA:1,(anonymous_0)
FNDA:1,(anonymous_2)
FNDA:1,(anonymous_4)
FNDA:1,(anonymous_6)
FNDA:1,(anonymous_8)
FNDA:0,LoginSuccess
FNDA:1,(anonymous_10)
DA:3,1
DA:5,1
DA:14,1
DA:15,0
DA:16,1
DA:18,1
DA:19,0
DA:20,1
DA:22,1
DA:23,0
DA:24,1
DA:26,1
DA:27,0
DA:28,1
DA:30,1
DA:31,0
DA:33,0
DA:34,1
DA:36,1
DA:37,0
DA:38,1
LF:21
LH:14
BRF:0
BRH:0
end_of_record
TN:
SF:C:/Users/a263625/git/TM DEV/Test_Manager/7_implementation/tm/tm-web/src/app/core/services/security/security.effects.ts
FN:19,(anonymous_2)
FN:55,SecurityEffects
FN:23,(anonymous_4)
FN:24,(anonymous_5)
FN:28,(anonymous_6)
FN:29,(anonymous_7)
FN:38,(anonymous_8)
FN:43,(anonymous_9)
FN:47,(anonymous_10)
FN:48,(anonymous_11)
FN:53,(anonymous_12)
FNF:11
FNH:1
FNDA:1,(anonymous_2)
FNDA:0,SecurityEffects
FNDA:0,(anonymous_4)
FNDA:0,(anonymous_5)
FNDA:0,(anonymous_6)
FNDA:0,(anonymous_7)
FNDA:0,(anonymous_8)
FNDA:0,(anonymous_9)
FNDA:0,(anonymous_10)
FNDA:0,(anonymous_11)
FNDA:0,(anonymous_12)
DA:1,1
DA:2,1
DA:3,1
DA:4,1
DA:5,1
DA:8,1
DA:9,1
DA:10,1
DA:11,1
DA:12,1
DA:13,1
DA:14,1
DA:15,1
DA:16,1
DA:19,1
DA:21,1
DA:23,0
DA:24,0
DA:28,0
DA:29,0
DA:36,1
DA:38,0
DA:41,1
DA:43,0
DA:47,0
DA:48,0
DA:51,1
DA:53,0
DA:55,0
DA:56,0
DA:57,0
DA:58,0
DA:59,0
DA:60,0
DA:62,1
LF:35
LH:20
BRDA:55,0,0,1
BRDA:55,0,1,0
BRDA:55,1,0,1
BRDA:55,2,0,1
BRDA:55,2,1,1
BRDA:55,2,2,0
BRDA:55,3,0,1
BRDA:55,3,1,1
BRDA:56,4,0,1
BRDA:56,4,1,1
BRDA:56,4,2,0
BRDA:56,5,0,1
BRDA:56,5,1,1
BRDA:57,6,0,1
BRDA:57,6,1,1
BRDA:57,6,2,0
BRDA:57,7,0,1
BRDA:57,7,1,1
BRDA:58,8,0,1
BRDA:58,8,1,1
BRDA:58,8,2,0
BRDA:58,9,0,1
BRDA:58,9,1,1
BRDA:59,10,0,1
BRDA:59,10,1,1
BRDA:59,10,2,0
BRDA:59,11,0,1
BRDA:59,11,1,1
BRF:28
BRH:22
end_of_record
TN:
SF:C:/Users/a263625/git/TM DEV/Test_Manager/7_implementation/tm/tm-web/src/app/core/services/security/security.reducer.ts
FN:17,securityReducer
FN:37,(anonymous_2)
FN:38,(anonymous_3)
FNF:3
FNH:0
FNDA:0,securityReducer
FNDA:0,(anonymous_2)
FNDA:0,(anonymous_3)
DA:2,1
DA:3,1
DA:5,1
DA:12,1
DA:17,1
DA:18,0
DA:20,0
DA:27,0
DA:33,0
DA:37,1
DA:38,1
DA:40,1
DA:41,1
DA:42,1
LF:14
LH:10
BRDA:17,0,0,0
BRDA:17,0,1,0
BRDA:19,1,0,0
BRDA:19,1,1,0
BRDA:19,1,2,0
BRF:5
BRH:0
end_of_record
TN:
SF:C:/Users/a263625/git/TM DEV/Test_Manager/7_implementation/tm/tm-web/src/app/core/services/security/security.service.ts
FN:11,(anonymous_2)
FN:12,SecurityService
FN:19,(anonymous_4)
FN:23,(anonymous_5)
FN:27,(anonymous_6)
FN:32,(anonymous_7)
FN:36,(anonymous_8)
FN:42,(anonymous_9)
FN:44,(anonymous_10)
FN:45,(anonymous_11)
FNF:10
FNH:1
FNDA:1,(anonymous_2)
FNDA:0,SecurityService
FNDA:0,(anonymous_4)
FNDA:0,(anonymous_5)
FNDA:0,(anonymous_6)
FNDA:0,(anonymous_7)
FNDA:0,(anonymous_8)
FNDA:0,(anonymous_9)
FNDA:0,(anonymous_10)
FNDA:0,(anonymous_11)
DA:2,1
DA:3,1
DA:4,1
DA:5,1
DA:6,1
DA:7,1
DA:8,1
DA:11,1
DA:12,0
DA:13,0
DA:14,0
DA:15,0
DA:16,0
DA:19,1
DA:20,0
DA:23,1
DA:24,0
DA:27,1
DA:28,0
DA:29,0
DA:32,1
DA:33,0
DA:36,1
DA:37,0
DA:38,0
DA:39,0
DA:42,1
DA:43,0
DA:44,0
DA:45,0
DA:47,1
LF:31
LH:15
BRDA:12,0,0,1
BRDA:12,0,1,0
BRDA:12,1,0,1
BRDA:12,2,0,1
BRDA:12,2,1,1
BRDA:12,2,2,0
BRDA:12,3,0,1
BRDA:12,3,1,1
BRDA:13,4,0,1
BRDA:13,4,1,1
BRDA:13,4,2,0
BRDA:13,5,0,1
BRDA:13,5,1,1
BRF:13
BRH:10
end_of_record
TN:
SF:C:/Users/a263625/git/TM DEV/Test_Manager/7_implementation/tm/tm-web/src/app/core/services/security/token.service.ts
FN:10,(anonymous_2)
FN:11,TokenService
FN:15,(anonymous_4)
FN:19,(anonymous_5)
FN:21,(anonymous_6)
FN:22,(anonymous_7)
FNF:6
FNH:1
FNDA:1,(anonymous_2)
FNDA:0,TokenService
FNDA:0,(anonymous_4)
FNDA:0,(anonymous_5)
FNDA:0,(anonymous_6)
FNDA:0,(anonymous_7)
DA:1,1
DA:2,1
DA:4,1
DA:10,1
DA:11,0
DA:12,0
DA:15,1
DA:16,0
DA:19,1
DA:20,0
DA:21,0
DA:22,0
DA:24,1
LF:13
LH:7
BRDA:11,0,0,1
BRDA:11,0,1,0
BRDA:11,1,0,1
BRF:3
BRH:2
end_of_record
TN:
SF:C:/Users/a263625/git/TM DEV/Test_Manager/7_implementation/tm/tm-web/src/app/core/services/security/user.service.ts
FN:6,(anonymous_2)
FN:7,UserLoginService
FN:10,(anonymous_4)
FN:14,(anonymous_5)
FNF:4
FNH:1
FNDA:1,(anonymous_2)
FNDA:0,UserLoginService
FNDA:0,(anonymous_4)
FNDA:0,(anonymous_5)
DA:1,1
DA:2,1
DA:6,1
DA:7,0
DA:10,1
DA:11,0
DA:14,1
DA:15,0
DA:17,1
LF:9
LH:6
BRDA:7,0,0,1
BRDA:7,0,1,0
BRDA:7,1,0,1
BRF:3
BRH:2
end_of_record
TN:
SF:C:/Users/a263625/git/TM DEV/Test_Manager/7_implementation/tm/tm-web/src/app/core/services/translation/translation.actions.ts
FN:10,(anonymous_0)
FN:12,RegisterModule
FN:16,(anonymous_2)
FN:18,ChangeLanguage
FN:22,(anonymous_4)
FN:24,ChangeLanguageSuccess
FNF:6
FNH:3
FNDA:1,(anonymous_0)
FNDA:0,RegisterModule
FNDA:1,(anonymous_2)
FNDA:0,ChangeLanguage
FNDA:1,(anonymous_4)
FNDA:0,ChangeLanguageSuccess
DA:2,1
DA:4,1
DA:10,1
DA:11,0
DA:12,0
DA:14,1
DA:16,1
DA:17,0
DA:18,0
DA:20,1
DA:22,1
DA:23,0
DA:24,0
DA:26,1
LF:14
LH:8
BRF:0
BRH:0
end_of_record
TN:
SF:C:/Users/a263625/git/TM DEV/Test_Manager/7_implementation/tm/tm-web/src/app/core/services/translation/translation.effects.ts
FN:11,(anonymous_2)
FN:25,TranslationEffects
FN:15,(anonymous_4)
FN:17,(anonymous_5)
FN:22,(anonymous_6)
FN:23,(anonymous_7)
FNF:6
FNH:1
FNDA:1,(anonymous_2)
FNDA:0,TranslationEffects
FNDA:0,(anonymous_4)
FNDA:0,(anonymous_5)
FNDA:0,(anonymous_6)
FNDA:0,(anonymous_7)
DA:1,1
DA:2,1
DA:3,1
DA:4,1
DA:5,1
DA:6,1
DA:7,1
DA:8,1
DA:11,1
DA:13,1
DA:15,0
DA:17,0
DA:20,1
DA:22,0
DA:23,0
DA:25,0
DA:26,0
DA:28,1
LF:18
LH:12
BRDA:25,0,0,1
BRDA:25,0,1,0
BRDA:25,1,0,1
BRDA:25,2,0,1
BRDA:25,2,1,1
BRDA:25,2,2,0
BRDA:25,3,0,1
BRDA:25,3,1,1
BRF:8
BRH:6
end_of_record
TN:
SF:C:/Users/a263625/git/TM DEV/Test_Manager/7_implementation/tm/tm-web/src/app/core/services/translation/translation.reducer.ts
FN:14,translationReducer
FN:27,(anonymous_2)
FNF:2
FNH:0
FNDA:0,translationReducer
FNDA:0,(anonymous_2)
DA:1,1
DA:2,1
DA:4,1
DA:10,1
DA:14,1
DA:15,0
DA:17,0
DA:23,0
DA:27,1
DA:29,1
DA:30,1
LF:11
LH:8
BRDA:14,0,0,0
BRDA:14,0,1,0
BRDA:16,1,0,0
BRDA:16,1,1,0
BRF:4
BRH:0
end_of_record
TN:
SF:C:/Users/a263625/git/TM DEV/Test_Manager/7_implementation/tm/tm-web/src/app/core/services/translation/translation.service.ts
FN:13,(anonymous_2)
FN:19,TranslationService
FN:28,(anonymous_4)
FN:30,(anonymous_5)
FN:36,(anonymous_6)
FN:38,(anonymous_7)
FN:39,(anonymous_8)
FN:46,(anonymous_9)
FN:53,(anonymous_10)
FNF:9
FNH:1
FNDA:1,(anonymous_2)
FNDA:0,TranslationService
FNDA:0,(anonymous_4)
FNDA:0,(anonymous_5)
FNDA:0,(anonymous_6)
FNDA:0,(anonymous_7)
FNDA:0,(anonymous_8)
FNDA:0,(anonymous_9)
FNDA:0,(anonymous_10)
DA:1,1
DA:2,1
DA:3,1
DA:4,1
DA:5,1
DA:6,1
DA:7,1
DA:8,1
DA:9,1
DA:10,1
DA:13,1
DA:14,0
DA:15,0
DA:16,0
DA:19,0
DA:20,0
DA:21,0
DA:22,0
DA:23,0
DA:24,0
DA:25,0
DA:28,1
DA:29,0
DA:31,0
DA:32,0
DA:36,1
DA:37,0
DA:38,0
DA:40,0
DA:41,0
DA:46,1
DA:47,0
DA:48,0
DA:50,0
DA:53,0
DA:56,1
LF:36
LH:15
BRDA:47,0,0,0
BRDA:47,0,1,0
BRDA:19,1,0,1
BRDA:19,1,1,0
BRDA:19,2,0,1
BRDA:19,3,0,1
BRDA:19,3,1,1
BRDA:19,3,2,0
BRDA:19,4,0,1
BRDA:19,4,1,1
BRDA:20,5,0,1
BRDA:20,5,1,1
BRDA:20,5,2,0
BRDA:20,6,0,1
BRDA:20,6,1,1
BRF:15
BRH:10
end_of_record
TN:
SF:C:/Users/a263625/git/TM DEV/Test_Manager/7_implementation/tm/tm-web/src/app/core/services/user/user.actions.ts
FN:19,(anonymous_0)
FN:23,(anonymous_2)
FN:27,(anonymous_4)
FN:31,(anonymous_6)
FN:33,GetUserSuccess
FN:36,(anonymous_8)
FN:38,GetUserSitesSuccess
FN:41,(anonymous_10)
FN:43,GetUserGroupsSuccess
FN:46,(anonymous_12)
FN:50,(anonymous_14)
FN:54,(anonymous_16)
FN:58,(anonymous_18)
FN:60,GetUserRoleSuccess
FN:63,(anonymous_20)
FNF:15
FNH:11
FNDA:1,(anonymous_0)
FNDA:1,(anonymous_2)
FNDA:1,(anonymous_4)
FNDA:1,(anonymous_6)
FNDA:0,GetUserSuccess
FNDA:1,(anonymous_8)
FNDA:0,GetUserSitesSuccess
FNDA:1,(anonymous_10)
FNDA:0,GetUserGroupsSuccess
FNDA:1,(anonymous_12)
FNDA:1,(anonymous_14)
FNDA:1,(anonymous_16)
FNDA:1,(anonymous_18)
FNDA:0,GetUserRoleSuccess
FNDA:1,(anonymous_20)
DA:6,1
DA:7,1
DA:8,1
DA:9,1
DA:10,1
DA:11,1
DA:12,1
DA:13,1
DA:14,1
DA:15,1
DA:16,1
DA:19,1
DA:20,0
DA:21,1
DA:23,1
DA:24,0
DA:25,1
DA:27,1
DA:28,0
DA:29,1
DA:31,1
DA:32,0
DA:33,0
DA:34,1
DA:36,1
DA:37,0
DA:38,0
DA:39,1
DA:41,1
DA:42,0
DA:43,0
DA:44,1
DA:46,1
DA:47,0
DA:48,1
DA:50,1
DA:51,0
DA:52,1
DA:54,1
DA:55,0
DA:56,1
DA:58,1
DA:59,0
DA:60,0
DA:61,1
DA:63,1
DA:64,0
DA:65,1
LF:48
LH:33
BRF:0
BRH:0
end_of_record
TN:
SF:C:/Users/a263625/git/TM DEV/Test_Manager/7_implementation/tm/tm-web/src/app/core/services/user/user.effects.ts
FN:15,(anonymous_2)
FN:16,UserEffects
FN:21,(anonymous_4)
FN:23,(anonymous_5)
FN:30,(anonymous_6)
FN:32,(anonymous_7)
FN:35,(anonymous_8)
FN:42,(anonymous_9)
FN:44,(anonymous_10)
FN:47,(anonymous_11)
FN:54,(anonymous_12)
FN:56,(anonymous_13)
FN:59,(anonymous_14)
FNF:13
FNH:1
FNDA:1,(anonymous_2)
FNDA:0,UserEffects
FNDA:0,(anonymous_4)
FNDA:0,(anonymous_5)
FNDA:0,(anonymous_6)
FNDA:0,(anonymous_7)
FNDA:0,(anonymous_8)
FNDA:0,(anonymous_9)
FNDA:0,(anonymous_10)
FNDA:0,(anonymous_11)
FNDA:0,(anonymous_12)
FNDA:0,(anonymous_13)
FNDA:0,(anonymous_14)
DA:1,1
DA:2,1
DA:4,1
DA:6,1
DA:8,1
DA:12,1
DA:15,1
DA:16,0
DA:17,0
DA:19,1
DA:22,0
DA:24,0
DA:28,1
DA:31,0
DA:33,0
DA:36,0
DA:40,1
DA:43,0
DA:45,0
DA:48,0
DA:52,1
DA:55,0
DA:57,0
DA:60,0
DA:63,1
LF:25
LH:12
BRDA:19,0,0,1
BRDA:19,0,1,0
BRDA:19,1,0,1
BRDA:28,2,0,1
BRDA:28,2,1,0
BRDA:28,3,0,1
BRDA:40,4,0,1
BRDA:40,4,1,0
BRDA:40,5,0,1
BRDA:52,6,0,1
BRDA:52,6,1,0
BRDA:52,7,0,1
BRDA:16,8,0,1
BRDA:16,8,1,0
BRDA:16,9,0,1
BRDA:16,10,0,1
BRDA:16,10,1,1
BRDA:16,10,2,0
BRDA:16,11,0,1
BRDA:16,11,1,1
BRF:20
BRH:14
end_of_record
TN:
SF:C:/Users/a263625/git/TM DEV/Test_Manager/7_implementation/tm/tm-web/src/app/core/services/user/user.reducer.ts
FN:25,userReducer
FN:55,(anonymous_2)
FN:56,(anonymous_3)
FN:57,(anonymous_4)
FN:58,(anonymous_5)
FNF:5
FNH:0
FNDA:0,userReducer
FNDA:0,(anonymous_2)
FNDA:0,(anonymous_3)
FNDA:0,(anonymous_4)
FNDA:0,(anonymous_5)
DA:1,1
DA:3,1
DA:16,1
DA:18,1
DA:25,1
DA:26,0
DA:29,0
DA:31,0
DA:36,0
DA:41,0
DA:46,0
DA:51,0
DA:55,1
DA:56,1
DA:57,1
DA:58,1
DA:60,1
DA:61,1
DA:62,1
DA:63,1
DA:64,1
LF:21
LH:14
BRDA:26,0,0,0
BRDA:26,0,1,0
BRDA:30,1,0,0
BRDA:30,1,1,0
BRDA:30,1,2,0
BRDA:30,1,3,0
BRDA:30,1,4,0
BRF:7
BRH:0
end_of_record
TN:
SF:C:/Users/a263625/git/TM DEV/Test_Manager/7_implementation/tm/tm-web/src/app/core/services/user/user.service.ts
FN:9,(anonymous_2)
FN:15,UserService
FN:17,(anonymous_4)
FN:21,(anonymous_5)
FN:25,(anonymous_6)
FN:29,(anonymous_7)
FNF:6
FNH:1
FNDA:1,(anonymous_2)
FNDA:0,UserService
FNDA:0,(anonymous_4)
FNDA:0,(anonymous_5)
FNDA:0,(anonymous_6)
FNDA:0,(anonymous_7)
DA:1,1
DA:2,1
DA:6,1
DA:9,1
DA:10,0
DA:11,0
DA:12,0
DA:13,0
DA:15,0
DA:17,1
DA:18,0
DA:21,1
DA:22,0
DA:25,1
DA:26,0
DA:29,1
DA:30,0
DA:32,1
LF:18
LH:9
BRDA:15,0,0,1
BRDA:15,0,1,0
BRDA:15,1,0,1
BRF:3
BRH:2
end_of_record
TN:
SF:C:/Users/a263625/git/TM DEV/Test_Manager/7_implementation/tm/tm-web/src/app/core/services/user/user-role/user-role.component.ts
FN:13,(anonymous_2)
FN:15,UserRoleComponent
FN:17,(anonymous_4)
FN:20,(anonymous_5)
FNF:4
FNH:1
FNDA:1,(anonymous_2)
FNDA:0,UserRoleComponent
FNDA:0,(anonymous_4)
FNDA:0,(anonymous_5)
DA:1,1
DA:2,1
DA:5,1
DA:6,1
DA:13,1
DA:15,0
DA:17,1
DA:18,0
DA:19,0
DA:20,0
DA:23,1
LF:11
LH:7
BRDA:15,0,0,1
BRDA:15,0,1,0
BRDA:15,1,0,1
BRF:3
BRH:2
end_of_record
TN:
SF:C:/Users/a263625/git/TM DEV/Test_Manager/7_implementation/tm/tm-web/src/app/core/services/user/user-role/user-role.module.ts
FN:16,(anonymous_1)
FNF:1
FNH:1
FNDA:1,(anonymous_1)
DA:1,1
DA:2,1
DA:3,1
DA:4,1
DA:16,1
LF:5
LH:5
BRF:0
BRH:0
end_of_record
TN:
SF:C:/Users/a263625/git/TM DEV/Test_Manager/7_implementation/tm/tm-web/src/app/core/storage/session-storage.service.ts
FN:7,(anonymous_2)
FN:9,SessionStorageService
FN:11,(anonymous_4)
FN:16,(anonymous_5)
FN:21,(anonymous_6)
FN:25,(anonymous_7)
FNF:6
FNH:1
FNDA:1,(anonymous_2)
FNDA:0,SessionStorageService
FNDA:0,(anonymous_4)
FNDA:0,(anonymous_5)
FNDA:0,(anonymous_6)
FNDA:0,(anonymous_7)
DA:1,1
DA:3,1
DA:4,1
DA:7,1
DA:11,1
DA:12,0
DA:13,0
DA:16,1
DA:17,0
DA:18,0
DA:21,1
DA:22,0
DA:25,1
DA:26,0
DA:28,1
LF:15
LH:9
BRF:0
BRH:0
end_of_record
TN:
SF:C:/Users/a263625/git/TM DEV/Test_Manager/7_implementation/tm/tm-web/src/app/core/storage/storage.module.ts
FN:11,(anonymous_1)
FNF:1
FNH:1
FNDA:1,(anonymous_1)
DA:1,1
DA:2,1
DA:3,1
DA:11,1
LF:4
LH:4
BRF:0
BRH:0
end_of_record
TN:
SF:C:/Users/a263625/git/TM DEV/Test_Manager/7_implementation/tm/tm-web/src/app/core/util/router-serialiser.ts
FN:9,(anonymous_0)
FN:10,(anonymous_2)
FNF:2
FNH:1
FNDA:1,(anonymous_0)
FNDA:0,(anonymous_2)
DA:9,1
DA:10,1
DA:11,0
DA:12,0
DA:13,0
DA:15,1
LF:6
LH:3
BRF:0
BRH:0
end_of_record
TN:
SF:C:/Users/a263625/git/TM DEV/Test_Manager/7_implementation/tm/tm-web/src/app/core/util/unix-date-adapter.ts
FN:5,(anonymous_6)
FN:6,(anonymous_8)
FN:11,(anonymous_9)
FNF:3
FNH:1
FNDA:1,(anonymous_6)
FNDA:0,(anonymous_8)
FNDA:0,(anonymous_9)
DA:1,1
DA:2,1
DA:5,1
DA:6,1
DA:7,0
DA:8,0
DA:11,1
DA:12,0
DA:14,1
LF:9
LH:6
BRDA:8,0,0,0
BRDA:8,0,1,0
BRDA:8,1,0,0
BRDA:8,1,1,0
BRDA:12,2,0,0
BRDA:12,2,1,0
BRF:6
BRH:0
end_of_record
TN:
SF:C:/Users/a263625/git/TM DEV/Test_Manager/7_implementation/tm/tm-web/src/app/core/util/ngrx-form-connect/ngrx-form-connect.directive.ts
FN:5,(anonymous_2)
FN:13,NgrxFormConnectDirective
FN:7,(anonymous_4)
FNF:3
FNH:1
FNDA:1,(anonymous_2)
FNDA:0,NgrxFormConnectDirective
FNDA:0,(anonymous_4)
DA:1,1
DA:2,1
DA:5,1
DA:7,2
DA:8,0
DA:9,0
DA:10,0
DA:13,0
DA:14,1
LF:9
LH:5
BRDA:8,0,0,0
BRDA:8,0,1,0
BRDA:13,1,0,1
BRDA:13,1,1,0
BRDA:13,2,0,1
BRF:5
BRH:2
end_of_record
TN:
SF:C:/Users/a263625/git/TM DEV/Test_Manager/7_implementation/tm/tm-web/src/app/core/util/ngrx-form-connect/ngrx-form-connect.module.ts
FN:12,(anonymous_1)
FNF:1
FNH:1
FNDA:1,(anonymous_1)
DA:1,1
DA:2,1
DA:3,1
DA:12,1
LF:4
LH:4
BRF:0
BRH:0
end_of_record
TN:
SF:C:/Users/a263625/git/TM DEV/Test_Manager/7_implementation/tm/tm-web/src/app/features/home/home.component.ts
FN:17,(anonymous_2)
FN:19,HomeComponent
FN:24,(anonymous_4)
FN:29,(anonymous_5)
FNF:4
FNH:1
FNDA:1,(anonymous_2)
FNDA:0,HomeComponent
FNDA:0,(anonymous_4)
FNDA:0,(anonymous_5)
DA:1,1
DA:2,1
DA:6,1
DA:7,1
DA:8,1
DA:10,1
DA:17,1
DA:19,0
DA:20,0
DA:21,0
DA:24,1
DA:25,0
DA:26,0
DA:29,0
DA:30,0
DA:31,0
DA:32,0
DA:33,0
DA:34,0
DA:35,0
DA:37,0
DA:42,1
LF:22
LH:9
BRDA:31,0,0,0
BRDA:31,0,1,0
BRDA:31,1,0,0
BRDA:31,1,1,0
BRDA:19,2,0,1
BRDA:19,2,1,0
BRDA:19,3,0,1
BRDA:19,4,0,1
BRDA:19,4,1,1
BRDA:19,4,2,0
BRDA:19,5,0,1
BRDA:19,5,1,1
BRF:12
BRH:6
end_of_record
TN:
SF:C:/Users/a263625/git/TM DEV/Test_Manager/7_implementation/tm/tm-web/src/app/features/home/home.links.ts
FNF:0
FNH:0
DA:3,1
LF:1
LH:1
BRF:0
BRH:0
end_of_record
TN:
SF:C:/Users/a263625/git/TM DEV/Test_Manager/7_implementation/tm/tm-web/src/app/features/home/home.module.ts
FN:17,(anonymous_1)
FNF:1
FNH:1
FNDA:1,(anonymous_1)
DA:1,1
DA:2,1
DA:3,1
DA:4,1
DA:5,1
DA:6,1
DA:17,1
LF:7
LH:7
BRF:0
BRH:0
end_of_record
TN:
SF:C:/Users/a263625/git/TM DEV/Test_Manager/7_implementation/tm/tm-web/src/app/features/home/home.routing.module.ts
FN:13,(anonymous_1)
FNF:1
FNH:1
FNDA:1,(anonymous_1)
DA:1,1
DA:2,1
DA:3,1
DA:5,1
DA:13,1
LF:5
LH:5
BRF:0
BRH:0
end_of_record
TN:
SF:C:/Users/a263625/git/TM DEV/Test_Manager/7_implementation/tm/tm-web/src/app/features/login/login-routing.module.ts
FN:13,(anonymous_1)
FNF:1
FNH:1
FNDA:1,(anonymous_1)
DA:1,1
DA:2,1
DA:3,1
DA:5,1
DA:13,1
LF:5
LH:5
BRF:0
BRH:0
end_of_record
TN:
SF:C:/Users/a263625/git/TM DEV/Test_Manager/7_implementation/tm/tm-web/src/app/features/login/login.actions.ts
FN:14,(anonymous_0)
FN:16,LoginForDev
FN:19,(anonymous_2)
FN:23,(anonymous_4)
FN:25,LoginForDevSuccess
FN:28,(anonymous_6)
FN:32,(anonymous_8)
FN:36,(anonymous_10)
FN:40,(anonymous_12)
FN:42,TryLoginForDevSuccess
FNF:10
FNH:7
FNDA:1,(anonymous_0)
FNDA:0,LoginForDev
FNDA:1,(anonymous_2)
FNDA:1,(anonymous_4)
FNDA:0,LoginForDevSuccess
FNDA:1,(anonymous_6)
FNDA:1,(anonymous_8)
FNDA:1,(anonymous_10)
FNDA:1,(anonymous_12)
FNDA:0,TryLoginForDevSuccess
DA:6,1
DA:7,1
DA:8,1
DA:9,1
DA:10,1
DA:11,1
DA:12,1
DA:14,1
DA:15,0
DA:16,0
DA:17,1
DA:19,1
DA:20,0
DA:21,1
DA:23,1
DA:24,0
DA:25,0
DA:26,1
DA:28,1
DA:29,0
DA:30,1
DA:32,1
DA:33,0
DA:34,1
DA:36,1
DA:37,0
DA:38,1
DA:40,1
DA:41,0
DA:42,0
DA:43,1
LF:31
LH:21
BRF:0
BRH:0
end_of_record
TN:
SF:C:/Users/a263625/git/TM DEV/Test_Manager/7_implementation/tm/tm-web/src/app/features/login/login.component.ts
FN:17,(anonymous_2)
FN:21,LoginComponent
FN:25,(anonymous_4)
FN:33,(anonymous_5)
FN:36,(anonymous_6)
FN:54,(anonymous_7)
FNF:6
FNH:1
FNDA:1,(anonymous_2)
FNDA:0,LoginComponent
FNDA:0,(anonymous_4)
FNDA:0,(anonymous_5)
FNDA:0,(anonymous_6)
FNDA:0,(anonymous_7)
DA:1,1
DA:2,1
DA:5,1
DA:6,1
DA:7,1
DA:9,1
DA:10,1
DA:17,1
DA:21,0
DA:22,0
DA:23,0
DA:25,1
DA:26,0
DA:30,0
DA:33,1
DA:36,0
DA:37,0
DA:38,0
DA:39,0
DA:41,0
DA:42,0
DA:43,0
DA:44,0
DA:45,0
DA:46,0
DA:54,1
DA:55,0
DA:56,0
DA:58,1
LF:29
LH:12
BRDA:37,0,0,0
BRDA:37,0,1,0
BRDA:21,1,0,1
BRDA:21,1,1,0
BRDA:21,2,0,1
BRDA:21,3,0,1
BRDA:21,3,1,1
BRDA:21,3,2,0
BRDA:21,4,0,1
BRDA:21,4,1,1
BRDA:22,5,0,1
BRDA:22,5,1,1
BRDA:22,5,2,0
BRDA:22,6,0,1
BRDA:22,6,1,1
BRF:15
BRH:10
end_of_record
TN:
SF:C:/Users/a263625/git/TM DEV/Test_Manager/7_implementation/tm/tm-web/src/app/features/login/login.effects.ts
FN:30,(anonymous_2)
FN:31,LoginEffects
FN:40,(anonymous_4)
FN:43,(anonymous_5)
FN:49,(anonymous_6)
FN:57,(anonymous_7)
FN:64,(anonymous_8)
FN:66,(anonymous_9)
FN:77,(anonymous_10)
FN:86,(anonymous_11)
FN:87,(anonymous_12)
FNF:11
FNH:1
FNDA:1,(anonymous_2)
FNDA:0,LoginEffects
FNDA:0,(anonymous_4)
FNDA:0,(anonymous_5)
FNDA:0,(anonymous_6)
FNDA:0,(anonymous_7)
FNDA:0,(anonymous_8)
FNDA:0,(anonymous_9)
FNDA:0,(anonymous_10)
FNDA:0,(anonymous_11)
FNDA:0,(anonymous_12)
DA:2,1
DA:3,1
DA:4,1
DA:6,1
DA:7,1
DA:8,1
DA:9,1
DA:10,1
DA:11,1
DA:12,1
DA:13,1
DA:14,1
DA:15,1
DA:16,1
DA:18,1
DA:26,1
DA:30,1
DA:31,0
DA:32,0
DA:33,0
DA:34,0
DA:35,0
DA:38,1
DA:41,0
DA:42,0
DA:44,0
DA:45,0
DA:46,0
DA:47,0
DA:50,0
DA:51,0
DA:55,1
DA:58,0
DA:59,0
DA:62,1
DA:65,0
DA:67,0
DA:68,0
DA:70,0
DA:75,1
DA:77,0
DA:84,1
DA:86,0
DA:87,0
DA:93,1
LF:45
LH:23
BRDA:67,0,0,0
BRDA:67,0,1,0
BRDA:38,1,0,1
BRDA:38,1,1,0
BRDA:38,2,0,1
BRDA:55,3,0,1
BRDA:55,3,1,0
BRDA:55,4,0,1
BRDA:62,5,0,1
BRDA:62,5,1,0
BRDA:62,6,0,1
BRDA:75,7,0,1
BRDA:75,7,1,0
BRDA:75,8,0,1
BRDA:84,9,0,1
BRDA:84,9,1,0
BRDA:84,10,0,1
BRDA:31,11,0,1
BRDA:31,11,1,0
BRDA:31,12,0,1
BRDA:31,13,0,1
BRDA:31,13,1,1
BRDA:31,13,2,0
BRDA:31,14,0,1
BRDA:31,14,1,1
BRDA:32,15,0,1
BRDA:32,15,1,1
BRDA:32,15,2,0
BRDA:32,16,0,1
BRDA:32,16,1,1
BRDA:33,17,0,1
BRDA:33,17,1,1
BRDA:33,17,2,0
BRDA:33,18,0,1
BRDA:33,18,1,1
BRDA:34,19,0,1
BRDA:34,19,1,1
BRDA:34,19,2,0
BRDA:34,20,0,1
BRDA:34,20,1,1
BRF:40
BRH:28
end_of_record
TN:
SF:C:/Users/a263625/git/TM DEV/Test_Manager/7_implementation/tm/tm-web/src/app/features/login/login.module.ts
FN:25,(anonymous_1)
FNF:1
FNH:1
FNDA:1,(anonymous_1)
DA:1,1
DA:2,1
DA:3,1
DA:4,1
DA:5,1
DA:6,1
DA:7,1
DA:8,1
DA:9,1
DA:10,1
DA:11,1
DA:25,1
LF:12
LH:12
BRF:0
BRH:0
end_of_record
TN:
SF:C:/Users/a263625/git/TM DEV/Test_Manager/7_implementation/tm/tm-web/src/app/features/login/login.reducer.ts
FN:17,loginReducer
FN:38,(anonymous_2)
FNF:2
FNH:0
FNDA:0,loginReducer
FNDA:0,(anonymous_2)
DA:1,1
DA:5,1
DA:7,1
DA:13,1
DA:17,1
DA:18,0
DA:21,0
DA:23,0
DA:29,0
DA:34,0
DA:38,1
DA:40,1
DA:41,1
LF:13
LH:8
BRDA:18,0,0,0
BRDA:18,0,1,0
BRDA:22,1,0,0
BRDA:22,1,1,0
BRDA:22,1,2,0
BRDA:22,1,3,0
BRF:6
BRH:0
end_of_record
TN:
SF:C:/Users/a263625/git/TM DEV/Test_Manager/7_implementation/tm/tm-web/src/app/features/login/login.service.ts
FN:10,(anonymous_2)
FN:15,LoginService
FN:20,(anonymous_4)
FN:32,(anonymous_5)
FNF:4
FNH:1
FNDA:1,(anonymous_2)
FNDA:0,LoginService
FNDA:0,(anonymous_4)
FNDA:0,(anonymous_5)
DA:1,1
DA:4,1
DA:5,1
DA:6,1
DA:7,1
DA:10,1
DA:11,1
DA:12,1
DA:13,0
DA:15,0
DA:16,0
DA:17,0
DA:20,1
DA:21,0
DA:25,0
DA:32,1
DA:33,0
DA:34,0
DA:35,0
DA:37,1
LF:20
LH:11
BRDA:15,0,0,1
BRDA:15,0,1,0
BRDA:15,1,0,1
BRDA:15,2,0,1
BRDA:15,2,1,1
BRDA:15,2,2,0
BRDA:15,3,0,1
BRDA:15,3,1,1
BRDA:16,4,0,1
BRDA:16,4,1,1
BRDA:16,4,2,0
BRDA:16,5,0,1
BRDA:16,5,1,1
BRF:13
BRH:10
end_of_record
TN:
SF:C:/Users/a263625/git/TM DEV/Test_Manager/7_implementation/tm/tm-web/src/app/features/procedure/procedure-details/procedure-details.component.ts
FN:15,(anonymous_2)
FN:23,ProcedureDetailsComponent
FN:28,(anonymous_4)
FN:36,(anonymous_5)
FN:44,(anonymous_6)
FN:53,(anonymous_7)
FNF:6
FNH:1
FNDA:1,(anonymous_2)
FNDA:0,ProcedureDetailsComponent
FNDA:0,(anonymous_4)
FNDA:0,(anonymous_5)
FNDA:0,(anonymous_6)
FNDA:0,(anonymous_7)
DA:1,1
DA:3,1
DA:5,1
DA:6,1
DA:7,1
DA:15,1
DA:18,0
DA:19,0
DA:20,0
DA:21,0
DA:24,0
DA:25,0
DA:28,1
DA:29,0
DA:30,0
DA:31,0
DA:33,0
DA:36,1
DA:37,0
DA:38,0
DA:39,0
DA:41,0
DA:44,1
DA:46,0
DA:50,0
DA:53,1
DA:54,0
DA:57,1
LF:28
LH:11
BRDA:30,0,0,0
BRDA:30,0,1,0
BRDA:30,1,0,0
BRDA:30,1,1,0
BRDA:38,2,0,0
BRDA:38,2,1,0
BRDA:38,3,0,0
BRDA:38,3,1,0
BRDA:24,4,0,1
BRDA:24,4,1,0
BRDA:24,5,0,1
BRDA:24,6,0,1
BRDA:24,6,1,1
BRDA:24,6,2,0
BRDA:24,7,0,1
BRDA:24,7,1,1
BRF:16
BRH:6
end_of_record
TN:
SF:C:/Users/a263625/git/TM DEV/Test_Manager/7_implementation/tm/tm-web/src/app/features/procedure/procedure-details/procedure-details.module.ts
FN:48,(anonymous_1)
FNF:1
FNH:1
FNDA:1,(anonymous_1)
DA:1,1
DA:2,1
DA:6,1
DA:10,1
DA:11,1
DA:12,1
DA:13,1
DA:15,1
DA:16,1
DA:17,1
DA:18,1
DA:19,1
DA:20,1
DA:21,1
DA:22,1
DA:48,1
DA:50,1
LF:17
LH:17
BRF:0
BRH:0
end_of_record
TN:
SF:C:/Users/a263625/git/TM DEV/Test_Manager/7_implementation/tm/tm-web/src/app/features/procedure/procedure-details/procedure-details-action-menu/procedure-details-action-menu.component.ts
FN:8,(anonymous_2)
FN:14,ProcedureDetailsActionMenuComponent
FN:16,(anonymous_4)
FNF:3
FNH:1
FNDA:1,(anonymous_2)
FNDA:0,ProcedureDetailsActionMenuComponent
FNDA:0,(anonymous_4)
DA:1,1
DA:8,1
DA:9,1
DA:10,1
DA:11,1
DA:12,1
DA:16,1
DA:19,1
LF:8
LH:8
BRF:0
BRH:0
end_of_record
TN:
SF:C:/Users/a263625/git/TM DEV/Test_Manager/7_implementation/tm/tm-web/src/app/features/procedure/procedure-details/procedure-details-action-menu/procedure-details-action-menu.module.ts
FN:15,(anonymous_1)
FNF:1
FNH:1
FNDA:1,(anonymous_1)
DA:1,1
DA:2,1
DA:3,1
DA:4,1
DA:15,1
DA:17,1
LF:6
LH:6
BRF:0
BRH:0
end_of_record
TN:
SF:C:/Users/a263625/git/TM DEV/Test_Manager/7_implementation/tm/tm-web/src/app/features/procedure/procedure-overview/procedure-overview-routing.module.ts
FN:31,(anonymous_1)
FNF:1
FNH:1
FNDA:1,(anonymous_1)
DA:1,1
DA:2,1
DA:3,1
DA:4,1
DA:5,1
DA:7,1
DA:31,1
LF:7
LH:7
BRF:0
BRH:0
end_of_record
TN:
SF:C:/Users/a263625/git/TM DEV/Test_Manager/7_implementation/tm/tm-web/src/app/features/procedure/procedure-overview/procedure-overview.actions.ts
FN:27,(anonymous_0)
FN:29,UpdateProcedureFilters
FN:32,(anonymous_2)
FN:35,(anonymous_4)
FN:38,(anonymous_6)
FN:42,(anonymous_8)
FN:46,(anonymous_10)
FN:48,Paginate
FN:51,(anonymous_12)
FN:53,LoadProceduresSuccess
FN:56,(anonymous_14)
FN:60,(anonymous_16)
FN:62,Sort
FN:65,(anonymous_18)
FN:67,SelectProcedure
FN:70,(anonymous_20)
FN:74,(anonymous_22)
FN:78,(anonymous_24)
FN:80,UpdateSelectedProcedureSite
FN:83,(anonymous_26)
FN:85,UpdateSelectedProcedureGroup
FN:87,(anonymous_28)
FN:89,FiltersOnPageLoad
FN:91,(anonymous_30)
FN:93,FiltersOnPageLoadSuccess
FNF:25
FNH:16
FNDA:1,(anonymous_0)
FNDA:0,UpdateProcedureFilters
FNDA:1,(anonymous_2)
FNDA:1,(anonymous_4)
FNDA:1,(anonymous_6)
FNDA:1,(anonymous_8)
FNDA:1,(anonymous_10)
FNDA:0,Paginate
FNDA:1,(anonymous_12)
FNDA:0,LoadProceduresSuccess
FNDA:1,(anonymous_14)
FNDA:1,(anonymous_16)
FNDA:0,Sort
FNDA:1,(anonymous_18)
FNDA:0,SelectProcedure
FNDA:1,(anonymous_20)
FNDA:1,(anonymous_22)
FNDA:1,(anonymous_24)
FNDA:0,UpdateSelectedProcedureSite
FNDA:1,(anonymous_26)
FNDA:0,UpdateSelectedProcedureGroup
FNDA:1,(anonymous_28)
FNDA:0,FiltersOnPageLoad
FNDA:1,(anonymous_30)
FNDA:0,FiltersOnPageLoadSuccess
DA:7,1
DA:27,1
DA:28,0
DA:29,0
DA:30,1
DA:32,1
DA:33,0
DA:34,1
DA:35,1
DA:36,0
DA:37,1
DA:38,1
DA:39,0
DA:40,1
DA:42,1
DA:43,0
DA:44,1
DA:46,1
DA:47,0
DA:48,0
DA:49,1
DA:51,1
DA:52,0
DA:53,0
DA:54,1
DA:56,1
DA:57,0
DA:58,1
DA:60,1
DA:61,0
DA:62,0
DA:63,1
DA:65,1
DA:66,0
DA:67,0
DA:68,1
DA:70,1
DA:71,0
DA:72,1
DA:74,1
DA:75,0
DA:76,1
DA:78,1
DA:79,0
DA:80,0
DA:81,1
DA:83,1
DA:84,0
DA:85,0
DA:86,1
DA:87,1
DA:88,0
DA:89,0
DA:90,1
DA:91,1
DA:92,0
DA:93,0
DA:94,1
LF:58
LH:33
BRF:0
BRH:0
end_of_record
TN:
SF:C:/Users/a263625/git/TM DEV/Test_Manager/7_implementation/tm/tm-web/src/app/features/procedure/procedure-overview/procedure-overview.component.ts
FN:37,(anonymous_2)
FN:64,ProcedureOverviewComponent
FN:69,(anonymous_4)
FN:73,(anonymous_5)
FN:78,(anonymous_6)
FN:84,(anonymous_7)
FN:95,(anonymous_8)
FN:102,(anonymous_9)
FN:106,(anonymous_10)
FN:110,(anonymous_11)
FN:117,(anonymous_12)
FN:124,(anonymous_13)
FN:133,(anonymous_14)
FN:148,(anonymous_15)
FN:150,(anonymous_16)
FN:163,(anonymous_17)
FN:167,(anonymous_18)
FN:176,(anonymous_19)
FN:180,(anonymous_20)
FN:184,(anonymous_21)
FNF:20
FNH:1
FNDA:1,(anonymous_2)
FNDA:0,ProcedureOverviewComponent
FNDA:0,(anonymous_4)
FNDA:0,(anonymous_5)
FNDA:0,(anonymous_6)
FNDA:0,(anonymous_7)
FNDA:0,(anonymous_8)
FNDA:0,(anonymous_9)
FNDA:0,(anonymous_10)
FNDA:0,(anonymous_11)
FNDA:0,(anonymous_12)
FNDA:0,(anonymous_13)
FNDA:0,(anonymous_14)
FNDA:0,(anonymous_15)
FNDA:0,(anonymous_16)
FNDA:0,(anonymous_17)
FNDA:0,(anonymous_18)
FNDA:0,(anonymous_19)
FNDA:0,(anonymous_20)
FNDA:0,(anonymous_21)
DA:1,1
DA:2,1
DA:3,1
DA:4,1
DA:5,1
DA:6,1
DA:7,1
DA:8,1
DA:12,1
DA:13,1
DA:14,1
DA:21,1
DA:22,1
DA:37,1
DA:47,0
DA:49,0
DA:50,0
DA:51,0
DA:52,0
DA:53,0
DA:54,0
DA:55,0
DA:56,0
DA:57,0
DA:58,0
DA:61,0
DA:62,0
DA:64,0
DA:65,0
DA:66,0
DA:69,1
DA:73,1
DA:74,0
DA:75,0
DA:78,1
DA:79,0
DA:80,0
DA:81,0
DA:84,1
DA:85,0
DA:86,0
DA:87,0
DA:89,0
DA:91,0
DA:92,0
DA:95,1
DA:96,0
DA:99,0
DA:102,1
DA:103,0
DA:106,1
DA:107,0
DA:110,1
DA:111,0
DA:112,0
DA:113,0
DA:114,0
DA:117,1
DA:118,0
DA:119,0
DA:120,0
DA:121,0
DA:124,1
DA:125,0
DA:126,0
DA:127,0
DA:128,0
DA:129,0
DA:133,1
DA:134,0
DA:135,0
DA:136,0
DA:137,0
DA:138,0
DA:139,0
DA:140,0
DA:141,0
DA:142,0
DA:144,0
DA:145,0
DA:147,0
DA:149,0
DA:150,0
DA:151,0
DA:152,0
DA:153,0
DA:155,0
DA:156,0
DA:163,1
DA:164,0
DA:167,1
DA:168,0
DA:169,0
DA:171,0
DA:172,0
DA:176,1
DA:177,0
DA:180,1
DA:181,0
DA:184,1
DA:185,0
DA:186,0
DA:189,1
LF:103
LH:31
BRDA:85,0,0,0
BRDA:85,0,1,0
BRDA:96,1,0,0
BRDA:96,1,1,0
BRDA:113,2,0,0
BRDA:113,2,1,0
BRDA:120,3,0,0
BRDA:120,3,1,0
BRDA:127,4,0,0
BRDA:127,4,1,0
BRDA:151,5,0,0
BRDA:151,5,1,0
BRDA:151,6,0,0
BRDA:151,6,1,0
BRDA:155,7,0,0
BRDA:155,7,1,0
BRDA:168,8,0,0
BRDA:168,8,1,0
BRDA:64,9,0,1
BRDA:64,9,1,0
BRDA:64,10,0,1
BRDA:64,11,0,1
BRDA:64,11,1,1
BRDA:64,11,2,0
BRDA:64,12,0,1
BRDA:64,12,1,1
BRDA:65,13,0,1
BRDA:65,13,1,1
BRDA:65,13,2,0
BRDA:65,14,0,1
BRDA:65,14,1,1
BRF:31
BRH:10
end_of_record
TN:
SF:C:/Users/a263625/git/TM DEV/Test_Manager/7_implementation/tm/tm-web/src/app/features/procedure/procedure-overview/procedure-overview.effects.ts
FN:26,(anonymous_2)
FN:27,ProcedureOverviewEffects
FN:31,(anonymous_4)
FN:33,(anonymous_5)
FN:34,(anonymous_6)
FN:38,(anonymous_7)
FN:40,(anonymous_8)
FN:41,(anonymous_9)
FN:52,(anonymous_10)
FN:56,(anonymous_11)
FNF:10
FNH:1
FNDA:1,(anonymous_2)
FNDA:0,ProcedureOverviewEffects
FNDA:0,(anonymous_4)
FNDA:0,(anonymous_5)
FNDA:0,(anonymous_6)
FNDA:0,(anonymous_7)
FNDA:0,(anonymous_8)
FNDA:0,(anonymous_9)
FNDA:0,(anonymous_10)
FNDA:0,(anonymous_11)
DA:1,1
DA:2,1
DA:3,1
DA:6,1
DA:7,1
DA:8,1
DA:9,1
DA:10,1
DA:11,1
DA:12,1
DA:15,1
DA:22,1
DA:23,1
DA:26,1
DA:27,0
DA:29,1
DA:32,0
DA:33,0
DA:34,0
DA:36,1
DA:39,0
DA:40,0
DA:41,0
DA:44,1
DA:52,0
DA:54,1
DA:56,0
DA:57,1
LF:28
LH:19
BRDA:29,0,0,1
BRDA:29,0,1,0
BRDA:29,1,0,1
BRDA:36,2,0,1
BRDA:36,2,1,0
BRDA:36,3,0,1
BRDA:44,4,0,1
BRDA:44,4,1,0
BRDA:44,5,0,1
BRDA:54,6,0,1
BRDA:54,6,1,0
BRDA:54,7,0,1
BRDA:27,8,0,1
BRDA:27,8,1,0
BRDA:27,9,0,1
BRDA:27,10,0,1
BRDA:27,10,1,1
BRDA:27,10,2,0
BRDA:27,11,0,1
BRDA:27,11,1,1
BRF:20
BRH:14
end_of_record
TN:
SF:C:/Users/a263625/git/TM DEV/Test_Manager/7_implementation/tm/tm-web/src/app/features/procedure/procedure-overview/procedure-overview.model.ts
FN:23,(anonymous_0)
FN:29,(anonymous_1)
FNF:2
FNH:2
FNDA:1,(anonymous_0)
FNDA:1,(anonymous_1)
DA:23,1
DA:24,1
DA:25,1
DA:26,1
DA:29,1
DA:30,1
DA:31,1
DA:32,1
LF:8
LH:8
BRDA:23,0,0,1
BRDA:23,0,1,1
BRDA:29,1,0,1
BRDA:29,1,1,1
BRF:4
BRH:4
end_of_record
TN:
SF:C:/Users/a263625/git/TM DEV/Test_Manager/7_implementation/tm/tm-web/src/app/features/procedure/procedure-overview/procedure-overview.module.ts
FN:47,(anonymous_1)
FNF:1
FNH:1
FNDA:1,(anonymous_1)
DA:1,1
DA:2,1
DA:3,1
DA:4,1
DA:5,1
DA:7,1
DA:8,1
DA:9,1
DA:10,1
DA:11,1
DA:12,1
DA:13,1
DA:14,1
DA:15,1
DA:16,1
DA:17,1
DA:18,1
DA:19,1
DA:20,1
DA:21,1
DA:22,1
DA:47,1
LF:22
LH:22
BRF:0
BRH:0
end_of_record
TN:
SF:C:/Users/a263625/git/TM DEV/Test_Manager/7_implementation/tm/tm-web/src/app/features/procedure/procedure-overview/procedure-overview.reducer.ts
FN:44,procedureOverviewReducer
FN:68,(anonymous_2)
FN:120,getNextSort
FN:137,(anonymous_4)
FN:138,(anonymous_5)
FN:139,(anonymous_6)
FN:140,(anonymous_7)
FN:141,(anonymous_8)
FN:142,(anonymous_9)
FNF:9
FNH:1
FNDA:1,procedureOverviewReducer
FNDA:0,(anonymous_2)
FNDA:0,getNextSort
FNDA:0,(anonymous_4)
FNDA:0,(anonymous_5)
FNDA:0,(anonymous_6)
FNDA:0,(anonymous_7)
FNDA:0,(anonymous_8)
FNDA:0,(anonymous_9)
DA:1,1
DA:2,1
DA:4,1
DA:6,1
DA:19,1
DA:32,1
DA:44,1
DA:45,2
DA:48,1
DA:50,0
DA:57,0
DA:65,0
DA:66,0
DA:68,0
DA:71,0
DA:77,0
DA:78,0
DA:83,0
DA:91,0
DA:97,0
DA:103,0
DA:108,0
DA:114,1
DA:120,1
DA:121,0
DA:122,0
DA:123,0
DA:129,0
DA:137,1
DA:138,1
DA:139,1
DA:140,1
DA:141,1
DA:142,1
DA:144,1
DA:145,1
DA:146,1
DA:147,1
DA:148,1
DA:149,1
DA:150,1
LF:41
LH:24
BRDA:45,0,0,1
BRDA:45,0,1,0
BRDA:49,1,0,0
BRDA:49,1,1,0
BRDA:49,1,2,0
BRDA:49,1,3,0
BRDA:49,1,4,0
BRDA:49,1,5,0
BRDA:49,1,6,0
BRDA:49,1,7,0
BRDA:49,1,8,0
BRDA:49,1,9,0
BRDA:49,1,10,1
BRDA:121,2,0,0
BRDA:121,2,1,0
BRDA:121,3,0,0
BRDA:121,3,1,0
BRDA:123,4,0,0
BRDA:123,4,1,0
BRF:19
BRH:2
end_of_record
TN:
SF:C:/Users/a263625/git/TM DEV/Test_Manager/7_implementation/tm/tm-web/src/app/features/procedure/procedure-overview/procedure-overview.service.ts
FN:17,(anonymous_2)
FN:21,ProcedureOverviewService
FN:29,(anonymous_4)
FN:36,(anonymous_5)
FN:46,(anonymous_6)
FN:56,(anonymous_7)
FNF:6
FNH:1
FNDA:1,(anonymous_2)
FNDA:0,ProcedureOverviewService
FNDA:0,(anonymous_4)
FNDA:0,(anonymous_5)
FNDA:0,(anonymous_6)
FNDA:0,(anonymous_7)
DA:1,1
DA:2,1
DA:3,1
DA:4,1
DA:6,1
DA:8,1
DA:11,1
DA:12,1
DA:17,1
DA:21,0
DA:22,0
DA:24,0
DA:27,0
DA:29,1
DA:33,0
DA:37,0
DA:41,0
DA:42,0
DA:46,0
DA:47,0
DA:48,0
DA:50,0
DA:52,0
DA:55,0
DA:56,0
DA:57,0
DA:60,0
DA:64,1
LF:28
LH:11
BRDA:38,0,0,0
BRDA:38,0,1,0
BRDA:39,1,0,0
BRDA:39,1,1,0
BRDA:41,2,0,0
BRDA:41,2,1,0
BRDA:47,3,0,0
BRDA:47,3,1,0
BRDA:47,4,0,0
BRDA:47,4,1,0
BRDA:47,4,2,0
BRDA:47,4,3,0
BRDA:50,5,0,0
BRDA:50,5,1,0
BRDA:55,6,0,0
BRDA:55,6,1,0
BRDA:21,7,0,1
BRDA:21,7,1,0
BRDA:21,8,0,1
BRDA:21,9,0,1
BRDA:21,9,1,1
BRDA:21,9,2,0
BRDA:21,10,0,1
BRDA:21,10,1,1
BRF:24
BRH:6
end_of_record
TN:
SF:C:/Users/a263625/git/TM DEV/Test_Manager/7_implementation/tm/tm-web/src/app/features/procedure/procedure-overview/procedures.service.ts
FN:12,(anonymous_2)
FN:17,ProceduresService
FN:23,(anonymous_4)
FN:27,(anonymous_5)
FN:32,(anonymous_6)
FNF:5
FNH:1
FNDA:1,(anonymous_2)
FNDA:0,ProceduresService
FNDA:0,(anonymous_4)
FNDA:0,(anonymous_5)
FNDA:0,(anonymous_6)
DA:1,1
DA:2,1
DA:3,1
DA:4,1
DA:7,1
DA:8,1
DA:9,1
DA:12,1
DA:15,0
DA:17,0
DA:18,0
DA:20,0
DA:23,1
DA:24,0
DA:28,0
DA:32,0
DA:33,0
DA:34,0
DA:37,0
DA:41,1
LF:20
LH:10
BRDA:29,0,0,0
BRDA:29,0,1,0
BRDA:30,1,0,0
BRDA:30,1,1,0
BRDA:17,2,0,1
BRDA:17,2,1,0
BRDA:17,3,0,1
BRDA:17,4,0,1
BRDA:17,4,1,1
BRDA:17,4,2,0
BRDA:17,5,0,1
BRDA:17,5,1,1
BRF:12
BRH:6
end_of_record
TN:
SF:C:/Users/a263625/git/TM DEV/Test_Manager/7_implementation/tm/tm-web/src/app/features/procedure/procedure-overview/procedure-overview-action-menu/procedure-overview-action-menu.component.ts
FN:14,(anonymous_2)
FN:20,ProcedureOverviewActionMenuComponent
FN:22,(anonymous_4)
FN:31,(anonymous_5)
FNF:4
FNH:1
FNDA:1,(anonymous_2)
FNDA:0,ProcedureOverviewActionMenuComponent
FNDA:0,(anonymous_4)
FNDA:0,(anonymous_5)
DA:1,1
DA:2,1
DA:4,1
DA:14,1
DA:16,1
DA:17,1
DA:18,1
DA:20,0
DA:22,1
DA:23,0
DA:24,0
DA:31,1
DA:34,0
DA:35,0
DA:36,0
DA:40,0
DA:43,1
LF:17
LH:10
BRDA:35,0,0,0
BRDA:35,0,1,0
BRDA:18,1,0,1
BRDA:18,1,1,0
BRDA:18,2,0,1
BRDA:20,3,0,1
BRDA:20,3,1,0
BRDA:20,4,0,1
BRF:8
BRH:4
end_of_record
TN:
SF:C:/Users/a263625/git/TM DEV/Test_Manager/7_implementation/tm/tm-web/src/app/features/procedure/procedure-overview/procedure-overview-action-menu/procedure-overview-action-menu.module.ts
FN:15,(anonymous_1)
FNF:1
FNH:1
FNDA:1,(anonymous_1)
DA:1,1
DA:2,1
DA:3,1
DA:4,1
DA:15,1
LF:5
LH:5
BRF:0
BRH:0
end_of_record
TN:
SF:C:/Users/a263625/git/TM DEV/Test_Manager/7_implementation/tm/tm-web/src/app/features/routine/routine-details/routine-details.action.ts
FN:36,(anonymous_0)
FN:38,GetRoutineDetails
FN:41,(anonymous_2)
FN:43,GetRoutineDetailsSuccess
FN:46,(anonymous_4)
FN:50,(anonymous_6)
FN:52,DeleteRoutine
FN:55,(anonymous_8)
FN:59,(anonymous_10)
FN:63,(anonymous_12)
FN:67,(anonymous_14)
FN:71,(anonymous_16)
FN:73,UpdateRoutineSuccess
FN:76,(anonymous_18)
FN:80,(anonymous_20)
FN:84,(anonymous_22)
FN:88,(anonymous_24)
FN:90,UpdateActivitiesFilters
FN:93,(anonymous_26)
FN:103,(anonymous_28)
FN:105,ActivitiesPaginate
FN:108,(anonymous_30)
FN:112,(anonymous_32)
FN:115,UpdateRoutineForm
FN:118,(anonymous_34)
FN:122,(anonymous_36)
FN:124,GetRoutineResultTypeSuccess
FN:127,(anonymous_38)
FN:131,(anonymous_40)
FN:133,UpdateUserGroup
FN:135,(anonymous_42)
FN:137,UpdateUserGroupSuccess
FN:140,(anonymous_44)
FN:142,UpdateUserSite
FN:145,(anonymous_46)
FN:147,UpdateUserSiteSuccess
FN:150,(anonymous_48)
FN:153,(anonymous_50)
FN:155,CreateRoutineCopySuccess
FNF:39
FNH:26
FNDA:1,(anonymous_0)
FNDA:0,GetRoutineDetails
FNDA:1,(anonymous_2)
FNDA:0,GetRoutineDetailsSuccess
FNDA:1,(anonymous_4)
FNDA:1,(anonymous_6)
FNDA:0,DeleteRoutine
FNDA:1,(anonymous_8)
FNDA:1,(anonymous_10)
FNDA:1,(anonymous_12)
FNDA:1,(anonymous_14)
FNDA:1,(anonymous_16)
FNDA:0,UpdateRoutineSuccess
FNDA:1,(anonymous_18)
FNDA:1,(anonymous_20)
FNDA:1,(anonymous_22)
FNDA:1,(anonymous_24)
FNDA:0,UpdateActivitiesFilters
FNDA:1,(anonymous_26)
FNDA:1,(anonymous_28)
FNDA:0,ActivitiesPaginate
FNDA:1,(anonymous_30)
FNDA:1,(anonymous_32)
FNDA:0,UpdateRoutineForm
FNDA:1,(anonymous_34)
FNDA:1,(anonymous_36)
FNDA:0,GetRoutineResultTypeSuccess
FNDA:1,(anonymous_38)
FNDA:1,(anonymous_40)
FNDA:0,UpdateUserGroup
FNDA:1,(anonymous_42)
FNDA:0,UpdateUserGroupSuccess
FNDA:1,(anonymous_44)
FNDA:0,UpdateUserSite
FNDA:1,(anonymous_46)
FNDA:0,UpdateUserSiteSuccess
FNDA:1,(anonymous_48)
FNDA:1,(anonymous_50)
FNDA:0,CreateRoutineCopySuccess
DA:5,1
DA:36,1
DA:37,0
DA:38,0
DA:39,1
DA:41,1
DA:42,0
DA:43,0
DA:44,1
DA:46,1
DA:47,0
DA:48,1
DA:50,1
DA:51,0
DA:52,0
DA:53,1
DA:55,1
DA:56,0
DA:57,1
DA:59,1
DA:60,0
DA:61,1
DA:63,1
DA:64,0
DA:65,1
DA:67,1
DA:68,0
DA:69,1
DA:71,1
DA:72,0
DA:73,0
DA:74,1
DA:76,1
DA:77,0
DA:78,1
DA:80,1
DA:81,0
DA:82,1
DA:84,1
DA:85,0
DA:86,1
DA:88,1
DA:89,0
DA:90,0
DA:91,1
DA:93,1
DA:94,0
DA:95,1
DA:103,1
DA:104,0
DA:105,0
DA:106,1
DA:108,1
DA:109,0
DA:110,1
DA:112,1
DA:113,0
DA:115,0
DA:116,1
DA:118,1
DA:119,0
DA:120,1
DA:122,1
DA:123,0
DA:124,0
DA:125,1
DA:127,1
DA:128,0
DA:129,1
DA:131,1
DA:132,0
DA:133,0
DA:134,1
DA:135,1
DA:136,0
DA:137,0
DA:138,1
DA:140,1
DA:141,0
DA:142,0
DA:143,1
DA:145,1
DA:146,0
DA:147,0
DA:148,1
DA:150,1
DA:151,0
DA:152,1
DA:153,1
DA:154,0
DA:155,0
DA:156,1
LF:92
LH:53
BRF:0
BRH:0
end_of_record
TN:
SF:C:/Users/a263625/git/TM DEV/Test_Manager/7_implementation/tm/tm-web/src/app/features/routine/routine-details/routine-details.component.ts
FN:66,(anonymous_2)
FN:112,RoutineDetailsComponent
FN:122,(anonymous_4)
FN:126,(anonymous_5)
FN:134,(anonymous_6)
FN:141,(anonymous_7)
FN:144,(anonymous_8)
FN:151,(anonymous_9)
FN:183,(anonymous_10)
FN:184,(anonymous_11)
FN:185,(anonymous_12)
FN:195,(anonymous_13)
FN:208,(anonymous_14)
FN:211,(anonymous_15)
FN:217,(anonymous_16)
FN:232,(anonymous_17)
FN:235,(anonymous_18)
FN:249,(anonymous_19)
FN:257,(anonymous_20)
FN:264,(anonymous_21)
FN:268,(anonymous_22)
FN:275,(anonymous_23)
FN:279,(anonymous_24)
FN:288,(anonymous_25)
FN:296,(anonymous_26)
FN:300,(anonymous_27)
FN:326,(anonymous_28)
FN:332,(anonymous_29)
FN:351,(anonymous_30)
FN:358,(anonymous_31)
FN:370,(anonymous_32)
FN:376,(anonymous_33)
FN:378,(anonymous_34)
FN:389,(anonymous_35)
FN:398,(anonymous_36)
FN:402,(anonymous_37)
FN:405,(anonymous_38)
FN:412,(anonymous_39)
FN:414,(anonymous_40)
FN:425,(anonymous_41)
FN:426,(anonymous_42)
FN:427,(anonymous_43)
FN:428,(anonymous_44)
FN:429,(anonymous_45)
FN:430,(anonymous_46)
FN:431,(anonymous_47)
FN:432,(anonymous_48)
FN:434,(anonymous_49)
FNF:48
FNH:1
FNDA:1,(anonymous_2)
FNDA:0,RoutineDetailsComponent
FNDA:0,(anonymous_4)
FNDA:0,(anonymous_5)
FNDA:0,(anonymous_6)
FNDA:0,(anonymous_7)
FNDA:0,(anonymous_8)
FNDA:0,(anonymous_9)
FNDA:0,(anonymous_10)
FNDA:0,(anonymous_11)
FNDA:0,(anonymous_12)
FNDA:0,(anonymous_13)
FNDA:0,(anonymous_14)
FNDA:0,(anonymous_15)
FNDA:0,(anonymous_16)
FNDA:0,(anonymous_17)
FNDA:0,(anonymous_18)
FNDA:0,(anonymous_19)
FNDA:0,(anonymous_20)
FNDA:0,(anonymous_21)
FNDA:0,(anonymous_22)
FNDA:0,(anonymous_23)
FNDA:0,(anonymous_24)
FNDA:0,(anonymous_25)
FNDA:0,(anonymous_26)
FNDA:0,(anonymous_27)
FNDA:0,(anonymous_28)
FNDA:0,(anonymous_29)
FNDA:0,(anonymous_30)
FNDA:0,(anonymous_31)
FNDA:0,(anonymous_32)
FNDA:0,(anonymous_33)
FNDA:0,(anonymous_34)
FNDA:0,(anonymous_35)
FNDA:0,(anonymous_36)
FNDA:0,(anonymous_37)
FNDA:0,(anonymous_38)
FNDA:0,(anonymous_39)
FNDA:0,(anonymous_40)
FNDA:0,(anonymous_41)
FNDA:0,(anonymous_42)
FNDA:0,(anonymous_43)
FNDA:0,(anonymous_44)
FNDA:0,(anonymous_45)
FNDA:0,(anonymous_46)
FNDA:0,(anonymous_47)
FNDA:0,(anonymous_48)
FNDA:0,(anonymous_49)
DA:1,1
DA:11,1
DA:12,1
DA:13,1
DA:14,1
DA:15,1
DA:16,1
DA:17,1
DA:18,1
DA:19,1
DA:20,1
DA:21,1
DA:23,1
DA:35,1
DA:45,1
DA:53,1
DA:54,1
DA:56,1
DA:66,1
DA:67,1
DA:68,1
DA:69,0
DA:74,0
DA:75,0
DA:77,0
DA:78,0
DA:80,0
DA:81,0
DA:82,0
DA:83,0
DA:84,0
DA:85,0
DA:86,0
DA:87,0
DA:94,0
DA:97,0
DA:100,0
DA:101,0
DA:102,0
DA:103,0
DA:109,0
DA:110,0
DA:111,0
DA:112,0
DA:113,0
DA:114,0
DA:115,0
DA:116,0
DA:117,0
DA:122,2
DA:123,0
DA:126,1
DA:127,0
DA:128,0
DA:129,0
DA:131,0
DA:134,1
DA:135,0
DA:136,0
DA:137,0
DA:139,0
DA:141,1
DA:142,0
DA:144,1
DA:145,0
DA:146,0
DA:147,0
DA:148,0
DA:149,0
DA:151,0
DA:152,0
DA:154,0
DA:155,0
DA:182,0
DA:183,0
DA:184,0
DA:186,0
DA:187,0
DA:188,0
DA:191,0
DA:193,0
DA:196,0
DA:197,0
DA:198,0
DA:199,0
DA:200,0
DA:202,0
DA:207,0
DA:208,0
DA:209,0
DA:211,0
DA:212,0
DA:215,0
DA:218,0
DA:219,0
DA:220,0
DA:221,0
DA:222,0
DA:224,0
DA:230,0
DA:232,1
DA:233,0
DA:236,0
DA:237,0
DA:238,0
DA:239,0
DA:241,0
DA:242,0
DA:243,0
DA:244,0
DA:248,0
DA:250,0
DA:251,0
DA:252,0
DA:255,0
DA:257,1
DA:258,0
DA:259,0
DA:260,0
DA:264,1
DA:265,0
DA:268,1
DA:269,0
DA:270,0
DA:272,0
DA:273,0
DA:275,1
DA:276,0
DA:279,1
DA:280,0
DA:281,0
DA:282,0
DA:283,0
DA:285,0
DA:288,1
DA:289,0
DA:290,0
DA:291,0
DA:292,0
DA:294,0
DA:296,1
DA:297,0
DA:299,0
DA:300,0
DA:301,0
DA:307,0
DA:308,0
DA:310,0
DA:313,0
DA:314,0
DA:315,0
DA:316,0
DA:317,0
DA:326,0
DA:327,0
DA:332,0
DA:333,0
DA:338,0
DA:340,0
DA:341,0
DA:342,0
DA:343,0
DA:345,0
DA:346,0
DA:347,0
DA:350,0
DA:351,0
DA:352,0
DA:356,0
DA:359,0
DA:360,0
DA:361,0
DA:362,0
DA:363,0
DA:365,0
DA:370,1
DA:371,0
DA:372,0
DA:373,0
DA:374,0
DA:375,0
DA:377,0
DA:378,0
DA:379,0
DA:383,0
DA:389,1
DA:390,0
DA:391,0
DA:393,0
DA:398,1
DA:399,0
DA:402,1
DA:403,0
DA:405,1
DA:406,0
DA:407,0
DA:408,0
DA:409,0
DA:410,0
DA:411,0
DA:412,0
DA:413,0
DA:414,0
DA:415,0
DA:416,0
DA:417,0
DA:418,0
DA:425,1
DA:426,1
DA:427,1
DA:428,1
DA:429,1
DA:430,1
DA:431,1
DA:432,1
DA:434,1
DA:437,0
DA:440,1
LF:218
LH:49
BRDA:128,0,0,0
BRDA:128,0,1,0
BRDA:128,1,0,0
BRDA:128,1,1,0
BRDA:136,2,0,0
BRDA:136,2,1,0
BRDA:136,3,0,0
BRDA:136,3,1,0
BRDA:152,4,0,0
BRDA:152,4,1,0
BRDA:197,5,0,0
BRDA:197,5,1,0
BRDA:199,6,0,0
BRDA:199,6,1,0
BRDA:207,7,0,0
BRDA:207,7,1,0
BRDA:219,8,0,0
BRDA:219,8,1,0
BRDA:221,9,0,0
BRDA:221,9,1,0
BRDA:236,10,0,0
BRDA:236,10,1,0
BRDA:238,11,0,0
BRDA:238,11,1,0
BRDA:241,12,0,0
BRDA:241,12,1,0
BRDA:241,13,0,0
BRDA:241,13,1,0
BRDA:243,14,0,0
BRDA:243,14,1,0
BRDA:251,15,0,0
BRDA:251,15,1,0
BRDA:258,16,0,0
BRDA:258,16,1,0
BRDA:258,17,0,0
BRDA:258,17,1,0
BRDA:258,17,2,0
BRDA:269,18,0,0
BRDA:269,18,1,0
BRDA:276,19,0,0
BRDA:276,19,1,0
BRDA:282,20,0,0
BRDA:282,20,1,0
BRDA:291,21,0,0
BRDA:291,21,1,0
BRDA:297,22,0,0
BRDA:297,22,1,0
BRDA:302,23,0,0
BRDA:302,23,1,0
BRDA:303,24,0,0
BRDA:303,24,1,0
BRDA:307,25,0,0
BRDA:307,25,1,0
BRDA:307,26,0,0
BRDA:307,26,1,0
BRDA:317,27,0,0
BRDA:317,27,1,0
BRDA:340,28,0,0
BRDA:340,28,1,0
BRDA:360,29,0,0
BRDA:360,29,1,0
BRDA:362,30,0,0
BRDA:362,30,1,0
BRDA:409,31,0,0
BRDA:409,31,1,0
BRDA:409,32,0,0
BRDA:409,32,1,0
BRDA:415,33,0,0
BRDA:415,33,1,0
BRDA:417,34,0,0
BRDA:417,34,1,0
BRDA:112,35,0,1
BRDA:112,35,1,0
BRDA:112,36,0,1
BRDA:112,37,0,1
BRDA:112,37,1,1
BRDA:112,37,2,0
BRDA:112,38,0,1
BRDA:112,38,1,1
BRDA:113,39,0,1
BRDA:113,39,1,1
BRDA:113,39,2,0
BRDA:113,40,0,1
BRDA:113,40,1,1
BRDA:114,41,0,1
BRDA:114,41,1,1
BRDA:114,41,2,0
BRDA:114,42,0,1
BRDA:114,42,1,1
BRDA:115,43,0,1
BRDA:115,43,1,1
BRDA:115,43,2,0
BRDA:115,44,0,1
BRDA:115,44,1,1
BRDA:116,45,0,1
BRDA:116,45,1,1
BRDA:116,45,2,0
BRDA:116,46,0,1
BRDA:116,46,1,1
BRF:99
BRH:22
end_of_record
TN:
SF:C:/Users/a263625/git/TM DEV/Test_Manager/7_implementation/tm/tm-web/src/app/features/routine/routine-details/routine-details.effects.ts
FN:43,(anonymous_2)
FN:48,RoutineDetailsEffects
FN:57,(anonymous_4)
FN:59,(anonymous_5)
FN:62,(anonymous_6)
FN:70,(anonymous_7)
FN:72,(anonymous_8)
FN:75,(anonymous_9)
FN:82,(anonymous_10)
FN:84,(anonymous_11)
FN:99,(anonymous_12)
FN:107,(anonymous_13)
FN:112,(anonymous_14)
FN:121,(anonymous_15)
FN:130,(anonymous_16)
FN:134,(anonymous_17)
FN:138,(anonymous_18)
FN:149,(anonymous_19)
FN:158,(anonymous_20)
FN:162,(anonymous_21)
FN:166,(anonymous_22)
FN:177,(anonymous_23)
FN:186,(anonymous_24)
FN:193,(anonymous_25)
FN:198,(anonymous_26)
FN:199,(anonymous_27)
FNF:26
FNH:1
FNDA:1,(anonymous_2)
FNDA:0,RoutineDetailsEffects
FNDA:0,(anonymous_4)
FNDA:0,(anonymous_5)
FNDA:0,(anonymous_6)
FNDA:0,(anonymous_7)
FNDA:0,(anonymous_8)
FNDA:0,(anonymous_9)
FNDA:0,(anonymous_10)
FNDA:0,(anonymous_11)
FNDA:0,(anonymous_12)
FNDA:0,(anonymous_13)
FNDA:0,(anonymous_14)
FNDA:0,(anonymous_15)
FNDA:0,(anonymous_16)
FNDA:0,(anonymous_17)
FNDA:0,(anonymous_18)
FNDA:0,(anonymous_19)
FNDA:0,(anonymous_20)
FNDA:0,(anonymous_21)
FNDA:0,(anonymous_22)
FNDA:0,(anonymous_23)
FNDA:0,(anonymous_24)
FNDA:0,(anonymous_25)
FNDA:0,(anonymous_26)
FNDA:0,(anonymous_27)
DA:1,1
DA:2,1
DA:3,1
DA:4,1
DA:6,1
DA:7,1
DA:8,1
DA:9,1
DA:10,1
DA:12,1
DA:13,1
DA:14,1
DA:15,1
DA:16,1
DA:17,1
DA:18,1
DA:38,1
DA:39,1
DA:43,1
DA:48,0
DA:49,0
DA:50,0
DA:51,0
DA:52,0
DA:55,1
DA:58,0
DA:60,0
DA:64,0
DA:68,1
DA:71,0
DA:73,0
DA:76,0
DA:80,1
DA:83,0
DA:85,0
DA:86,0
DA:87,0
DA:88,0
DA:91,0
DA:97,0
DA:100,0
DA:104,1
DA:107,0
DA:108,0
DA:109,0
DA:111,0
DA:113,0
DA:118,0
DA:119,0
DA:122,0
DA:123,0
DA:127,1
DA:130,0
DA:131,0
DA:134,0
DA:135,0
DA:136,0
DA:137,0
DA:139,0
DA:144,0
DA:145,0
DA:146,0
DA:147,0
DA:150,0
DA:151,0
DA:155,1
DA:158,0
DA:159,0
DA:162,0
DA:163,0
DA:164,0
DA:165,0
DA:167,0
DA:172,0
DA:173,0
DA:174,0
DA:175,0
DA:178,0
DA:179,0
DA:184,1
DA:187,0
DA:188,0
DA:191,1
DA:194,0
DA:195,0
DA:198,1
DA:199,0
DA:200,0
DA:203,1
LF:89
LH:29
BRDA:87,0,0,0
BRDA:87,0,1,0
BRDA:55,1,0,1
BRDA:55,1,1,0
BRDA:55,2,0,1
BRDA:68,3,0,1
BRDA:68,3,1,0
BRDA:68,4,0,1
BRDA:80,5,0,1
BRDA:80,5,1,0
BRDA:80,6,0,1
BRDA:104,7,0,1
BRDA:104,7,1,0
BRDA:104,8,0,1
BRDA:127,9,0,1
BRDA:127,9,1,0
BRDA:127,10,0,1
BRDA:155,11,0,1
BRDA:155,11,1,0
BRDA:155,12,0,1
BRDA:184,13,0,1
BRDA:184,13,1,0
BRDA:184,14,0,1
BRDA:191,15,0,1
BRDA:191,15,1,0
BRDA:191,16,0,1
BRDA:48,17,0,1
BRDA:48,17,1,0
BRDA:48,18,0,1
BRDA:48,19,0,1
BRDA:48,19,1,1
BRDA:48,19,2,0
BRDA:48,20,0,1
BRDA:48,20,1,1
BRDA:49,21,0,1
BRDA:49,21,1,1
BRDA:49,21,2,0
BRDA:49,22,0,1
BRDA:49,22,1,1
BRDA:50,23,0,1
BRDA:50,23,1,1
BRDA:50,23,2,0
BRDA:50,24,0,1
BRDA:50,24,1,1
BRDA:51,25,0,1
BRDA:51,25,1,1
BRDA:51,25,2,0
BRDA:51,26,0,1
BRDA:51,26,1,1
BRF:49
BRH:34
end_of_record
TN:
SF:C:/Users/a263625/git/TM DEV/Test_Manager/7_implementation/tm/tm-web/src/app/features/routine/routine-details/routine-details.model.ts
FN:44,(anonymous_0)
FN:48,(anonymous_1)
FN:53,(anonymous_2)
FN:59,(anonymous_3)
FN:64,(anonymous_4)
FN:68,(anonymous_5)
FN:72,(anonymous_6)
FN:76,(anonymous_7)
FN:80,(anonymous_8)
FNF:9
FNH:9
FNDA:1,(anonymous_0)
FNDA:1,(anonymous_1)
FNDA:1,(anonymous_2)
FNDA:1,(anonymous_3)
FNDA:1,(anonymous_4)
FNDA:1,(anonymous_5)
FNDA:1,(anonymous_6)
FNDA:1,(anonymous_7)
FNDA:1,(anonymous_8)
DA:44,1
DA:45,1
DA:46,1
DA:48,1
DA:49,1
DA:50,1
DA:53,1
DA:54,1
DA:55,1
DA:59,1
DA:60,1
DA:61,1
DA:64,1
DA:65,1
DA:68,1
DA:69,1
DA:72,1
DA:73,1
DA:76,1
DA:77,1
DA:80,1
DA:81,1
LF:22
LH:22
BRDA:44,0,0,1
BRDA:44,0,1,1
BRDA:48,1,0,1
BRDA:48,1,1,1
BRDA:53,2,0,1
BRDA:53,2,1,1
BRDA:59,3,0,1
BRDA:59,3,1,1
BRDA:64,4,0,1
BRDA:64,4,1,1
BRDA:68,5,0,1
BRDA:68,5,1,1
BRDA:72,6,0,1
BRDA:72,6,1,1
BRDA:76,7,0,1
BRDA:76,7,1,1
BRDA:80,8,0,1
BRDA:80,8,1,1
BRF:18
BRH:18
end_of_record
TN:
SF:C:/Users/a263625/git/TM DEV/Test_Manager/7_implementation/tm/tm-web/src/app/features/routine/routine-details/routine-details.module.ts
FN:47,(anonymous_1)
FNF:1
FNH:1
FNDA:1,(anonymous_1)
DA:1,1
DA:2,1
DA:3,1
DA:4,1
DA:5,1
DA:6,1
DA:7,1
DA:8,1
DA:9,1
DA:10,1
DA:11,1
DA:12,1
DA:13,1
DA:14,1
DA:16,1
DA:17,1
DA:18,1
DA:19,1
DA:20,1
DA:21,1
DA:22,1
DA:47,1
LF:22
LH:22
BRF:0
BRH:0
end_of_record
TN:
SF:C:/Users/a263625/git/TM DEV/Test_Manager/7_implementation/tm/tm-web/src/app/features/routine/routine-details/routine-details.reducer.ts
FN:39,routineDetailsReducer
FN:67,(anonymous_2)
FN:129,(anonymous_3)
FN:130,(anonymous_4)
FN:131,(anonymous_5)
FN:132,(anonymous_6)
FN:133,(anonymous_7)
FN:134,(anonymous_8)
FNF:8
FNH:1
FNDA:1,routineDetailsReducer
FNDA:0,(anonymous_2)
FNDA:0,(anonymous_3)
FNDA:0,(anonymous_4)
FNDA:0,(anonymous_5)
FNDA:0,(anonymous_6)
FNDA:0,(anonymous_7)
FNDA:0,(anonymous_8)
DA:2,1
DA:3,1
DA:11,1
DA:14,1
DA:26,1
DA:39,2
DA:42,1
DA:44,0
DA:49,0
DA:54,0
DA:59,0
DA:61,0
DA:63,0
DA:65,0
DA:67,0
DA:70,0
DA:75,0
DA:80,0
DA:85,0
DA:93,0
DA:102,0
DA:107,0
DA:113,0
DA:120,0
DA:125,1
DA:129,1
DA:130,1
DA:131,1
DA:132,1
DA:133,1
DA:134,1
DA:136,1
DA:137,1
DA:138,1
DA:139,1
DA:140,1
DA:141,1
DA:142,1
LF:38
LH:21
BRDA:39,0,0,1
BRDA:39,0,1,0
BRDA:43,1,0,0
BRDA:43,1,1,0
BRDA:43,1,2,0
BRDA:43,1,3,0
BRDA:43,1,4,0
BRDA:43,1,5,0
BRDA:43,1,6,0
BRDA:43,1,7,0
BRDA:43,1,8,0
BRDA:43,1,9,0
BRDA:43,1,10,0
BRDA:43,1,11,0
BRDA:43,1,12,0
BRDA:43,1,13,0
BRDA:43,1,14,0
BRDA:43,1,15,0
BRDA:43,1,16,1
BRF:19
BRH:2
end_of_record
TN:
SF:C:/Users/a263625/git/TM DEV/Test_Manager/7_implementation/tm/tm-web/src/app/features/routine/routine-details/routine-details.service.ts
FN:11,(anonymous_2)
FN:18,RoutineDetailsService
FN:20,(anonymous_4)
FN:24,(anonymous_5)
FN:28,(anonymous_6)
FN:32,(anonymous_7)
FN:36,(anonymous_8)
FNF:7
FNH:1
FNDA:1,(anonymous_2)
FNDA:0,RoutineDetailsService
FNDA:0,(anonymous_4)
FNDA:0,(anonymous_5)
FNDA:0,(anonymous_6)
FNDA:0,(anonymous_7)
FNDA:0,(anonymous_8)
DA:1,1
DA:2,1
DA:3,1
DA:6,1
DA:11,1
DA:12,0
DA:13,0
DA:14,0
DA:15,0
DA:16,0
DA:18,0
DA:20,1
DA:21,0
DA:24,1
DA:25,0
DA:28,1
DA:29,0
DA:32,1
DA:33,0
DA:36,1
DA:37,0
DA:40,1
LF:22
LH:11
BRDA:18,0,0,1
BRDA:18,0,1,0
BRDA:18,1,0,1
BRF:3
BRH:2
end_of_record
TN:
SF:C:/Users/a263625/git/TM DEV/Test_Manager/7_implementation/tm/tm-web/src/app/features/routine/routine-details/routine-details-action-menu/routine-details-action-menu.component.ts
FN:8,(anonymous_2)
FN:3,RoutineDetailsActionMenuComponent
FN:20,(anonymous_4)
FN:24,(anonymous_5)
FN:28,(anonymous_6)
FN:31,(anonymous_7)
FNF:6
FNH:1
FNDA:1,(anonymous_2)
FNDA:0,RoutineDetailsActionMenuComponent
FNDA:0,(anonymous_4)
FNDA:0,(anonymous_5)
FNDA:0,(anonymous_6)
FNDA:0,(anonymous_7)
DA:1,1
DA:8,1
DA:9,1
DA:10,1
DA:11,1
DA:12,1
DA:13,1
DA:15,1
DA:16,1
DA:17,1
DA:18,1
DA:20,1
DA:21,0
DA:24,1
DA:25,0
DA:28,1
DA:29,0
DA:31,1
DA:32,0
DA:34,1
LF:20
LH:16
BRF:0
BRH:0
end_of_record
TN:
SF:C:/Users/a263625/git/TM DEV/Test_Manager/7_implementation/tm/tm-web/src/app/features/routine/routine-details/routine-details-action-menu/routine-details-action-menu.module.ts
FN:15,(anonymous_1)
FNF:1
FNH:1
FNDA:1,(anonymous_1)
DA:1,1
DA:2,1
DA:3,1
DA:4,1
DA:15,1
LF:5
LH:5
BRF:0
BRH:0
end_of_record
TN:
SF:C:/Users/a263625/git/TM DEV/Test_Manager/7_implementation/tm/tm-web/src/app/features/routine/routine-overview/routine-overview.action.ts
FN:25,(anonymous_0)
FN:27,UpdateRoutineFilters
FN:30,(anonymous_2)
FN:32,DeleteSelected
FN:35,(anonymous_4)
FN:38,(anonymous_6)
FN:41,(anonymous_8)
FN:45,(anonymous_10)
FN:49,(anonymous_12)
FN:51,Paginate
FN:54,(anonymous_14)
FN:56,LoadRoutinesSuccess
FN:59,(anonymous_16)
FN:63,(anonymous_18)
FN:65,Sort
FN:68,(anonymous_20)
FN:70,SelectRoutine
FN:73,(anonymous_22)
FN:76,(anonymous_24)
FN:80,(anonymous_26)
FN:82,FiltersOnPageLoad
FNF:21
FNH:14
FNDA:1,(anonymous_0)
FNDA:0,UpdateRoutineFilters
FNDA:1,(anonymous_2)
FNDA:0,DeleteSelected
FNDA:1,(anonymous_4)
FNDA:1,(anonymous_6)
FNDA:1,(anonymous_8)
FNDA:1,(anonymous_10)
FNDA:1,(anonymous_12)
FNDA:0,Paginate
FNDA:1,(anonymous_14)
FNDA:0,LoadRoutinesSuccess
FNDA:1,(anonymous_16)
FNDA:1,(anonymous_18)
FNDA:0,Sort
FNDA:1,(anonymous_20)
FNDA:0,SelectRoutine
FNDA:1,(anonymous_22)
FNDA:1,(anonymous_24)
FNDA:1,(anonymous_26)
FNDA:0,FiltersOnPageLoad
DA:6,1
DA:25,1
DA:26,0
DA:27,0
DA:28,1
DA:30,1
DA:31,0
DA:32,0
DA:33,1
DA:35,1
DA:36,0
DA:37,1
DA:38,1
DA:39,0
DA:40,1
DA:41,1
DA:42,0
DA:43,1
DA:45,1
DA:46,0
DA:47,1
DA:49,1
DA:50,0
DA:51,0
DA:52,1
DA:54,1
DA:55,0
DA:56,0
DA:57,1
DA:59,1
DA:60,0
DA:61,1
DA:63,1
DA:64,0
DA:65,0
DA:66,1
DA:68,1
DA:69,0
DA:70,0
DA:71,1
DA:73,1
DA:74,0
DA:75,1
DA:76,1
DA:77,0
DA:78,1
DA:80,1
DA:81,0
DA:82,0
DA:83,1
LF:50
LH:29
BRF:0
BRH:0
end_of_record
TN:
SF:C:/Users/a263625/git/TM DEV/Test_Manager/7_implementation/tm/tm-web/src/app/features/routine/routine-overview/routine-overview.component.ts
FN:34,(anonymous_2)
FN:60,RoutineOverviewComponent
FN:63,(anonymous_4)
FN:67,(anonymous_5)
FN:72,(anonymous_6)
FN:78,(anonymous_7)
FN:87,(anonymous_8)
FN:92,(anonymous_9)
FN:95,(anonymous_10)
FN:99,(anonymous_11)
FN:106,(anonymous_12)
FN:115,(anonymous_13)
FN:125,(anonymous_14)
FN:127,(anonymous_15)
FN:139,(anonymous_16)
FN:143,(anonymous_17)
FN:153,(anonymous_18)
FN:157,(anonymous_19)
FN:161,(anonymous_20)
FNF:19
FNH:1
FNDA:1,(anonymous_2)
FNDA:0,RoutineOverviewComponent
FNDA:0,(anonymous_4)
FNDA:0,(anonymous_5)
FNDA:0,(anonymous_6)
FNDA:0,(anonymous_7)
FNDA:0,(anonymous_8)
FNDA:0,(anonymous_9)
FNDA:0,(anonymous_10)
FNDA:0,(anonymous_11)
FNDA:0,(anonymous_12)
FNDA:0,(anonymous_13)
FNDA:0,(anonymous_14)
FNDA:0,(anonymous_15)
FNDA:0,(anonymous_16)
FNDA:0,(anonymous_17)
FNDA:0,(anonymous_18)
FNDA:0,(anonymous_19)
FNDA:0,(anonymous_20)
DA:1,1
DA:2,1
DA:3,1
DA:4,1
DA:5,1
DA:6,1
DA:16,1
DA:23,1
DA:24,1
DA:27,1
DA:34,1
DA:43,0
DA:44,0
DA:45,0
DA:46,0
DA:47,0
DA:48,0
DA:51,0
DA:52,0
DA:53,0
DA:54,0
DA:56,0
DA:57,0
DA:58,0
DA:60,0
DA:63,1
DA:64,0
DA:67,1
DA:68,0
DA:69,0
DA:72,1
DA:73,0
DA:74,0
DA:75,0
DA:78,1
DA:79,0
DA:80,0
DA:82,0
DA:84,0
DA:85,0
DA:87,1
DA:88,0
DA:90,0
DA:92,1
DA:93,0
DA:95,1
DA:96,0
DA:99,1
DA:100,0
DA:101,0
DA:102,0
DA:103,0
DA:106,1
DA:107,0
DA:108,0
DA:109,0
DA:110,0
DA:111,0
DA:115,1
DA:116,0
DA:117,0
DA:118,0
DA:119,0
DA:120,0
DA:121,0
DA:122,0
DA:124,0
DA:126,0
DA:127,0
DA:128,0
DA:129,0
DA:130,0
DA:132,0
DA:133,0
DA:139,1
DA:140,0
DA:143,1
DA:144,0
DA:145,0
DA:147,0
DA:148,0
DA:149,0
DA:153,1
DA:154,0
DA:157,1
DA:158,0
DA:161,1
DA:162,0
DA:165,1
LF:89
LH:27
BRDA:79,0,0,0
BRDA:79,0,1,0
BRDA:88,1,0,0
BRDA:88,1,1,0
BRDA:102,2,0,0
BRDA:102,2,1,0
BRDA:109,3,0,0
BRDA:109,3,1,0
BRDA:128,4,0,0
BRDA:128,4,1,0
BRDA:128,5,0,0
BRDA:128,5,1,0
BRDA:132,6,0,0
BRDA:132,6,1,0
BRDA:144,7,0,0
BRDA:144,7,1,0
BRDA:149,8,0,0
BRDA:149,8,1,0
BRDA:60,9,0,1
BRDA:60,9,1,0
BRDA:60,10,0,1
BRDA:60,11,0,1
BRDA:60,11,1,1
BRDA:60,11,2,0
BRDA:60,12,0,1
BRDA:60,12,1,1
BRF:26
BRH:6
end_of_record
TN:
SF:C:/Users/a263625/git/TM DEV/Test_Manager/7_implementation/tm/tm-web/src/app/features/routine/routine-overview/routine-overview.effects.ts
FN:26,(anonymous_2)
FN:27,RoutineOverviewEffects
FN:33,(anonymous_4)
FN:35,(anonymous_5)
FN:36,(anonymous_6)
FN:47,(anonymous_7)
FN:50,(anonymous_8)
FNF:7
FNH:1
FNDA:1,(anonymous_2)
FNDA:0,RoutineOverviewEffects
FNDA:0,(anonymous_4)
FNDA:0,(anonymous_5)
FNDA:0,(anonymous_6)
FNDA:0,(anonymous_7)
FNDA:0,(anonymous_8)
DA:1,1
DA:2,1
DA:3,1
DA:6,1
DA:7,1
DA:8,1
DA:9,1
DA:10,1
DA:11,1
DA:13,1
DA:16,1
DA:26,1
DA:27,0
DA:29,1
DA:34,0
DA:35,0
DA:36,0
DA:39,1
DA:47,0
DA:48,1
DA:50,0
DA:51,1
LF:22
LH:16
BRDA:29,0,0,1
BRDA:29,0,1,0
BRDA:29,1,0,1
BRDA:39,2,0,1
BRDA:39,2,1,0
BRDA:39,3,0,1
BRDA:48,4,0,1
BRDA:48,4,1,0
BRDA:48,5,0,1
BRDA:27,6,0,1
BRDA:27,6,1,0
BRDA:27,7,0,1
BRDA:27,8,0,1
BRDA:27,8,1,1
BRDA:27,8,2,0
BRDA:27,9,0,1
BRDA:27,9,1,1
BRF:17
BRH:12
end_of_record
TN:
SF:C:/Users/a263625/git/TM DEV/Test_Manager/7_implementation/tm/tm-web/src/app/features/routine/routine-overview/routine-overview.module.ts
FN:41,(anonymous_1)
FNF:1
FNH:1
FNDA:1,(anonymous_1)
DA:1,1
DA:2,1
DA:3,1
DA:4,1
DA:5,1
DA:6,1
DA:7,1
DA:8,1
DA:9,1
DA:10,1
DA:11,1
DA:12,1
DA:13,1
DA:14,1
DA:15,1
DA:16,1
DA:17,1
DA:18,1
DA:19,1
DA:41,1
LF:20
LH:20
BRF:0
BRH:0
end_of_record
TN:
SF:C:/Users/a263625/git/TM DEV/Test_Manager/7_implementation/tm/tm-web/src/app/features/routine/routine-overview/routine-overview.reducer.ts
FN:47,routineOverviewReducer
FN:74,(anonymous_2)
FN:127,getNextSort
FN:143,(anonymous_4)
FN:144,(anonymous_5)
FN:145,(anonymous_6)
FN:146,(anonymous_7)
FN:147,(anonymous_8)
FN:148,(anonymous_9)
FNF:9
FNH:0
FNDA:0,routineOverviewReducer
FNDA:0,(anonymous_2)
FNDA:0,getNextSort
FNDA:0,(anonymous_4)
FNDA:0,(anonymous_5)
FNDA:0,(anonymous_6)
FNDA:0,(anonymous_7)
FNDA:0,(anonymous_8)
FNDA:0,(anonymous_9)
DA:2,1
DA:11,1
DA:13,1
DA:15,1
DA:18,1
DA:33,1
DA:47,1
DA:49,0
DA:51,0
DA:54,0
DA:56,0
DA:63,0
DA:71,0
DA:72,0
DA:74,0
DA:86,0
DA:92,0
DA:97,0
DA:98,0
DA:104,0
DA:109,0
DA:114,0
DA:121,0
DA:127,1
DA:128,0
DA:129,0
DA:130,0
DA:136,0
DA:143,1
DA:144,1
DA:145,1
DA:146,1
DA:147,1
DA:148,1
DA:151,1
DA:152,1
DA:153,1
DA:154,1
DA:155,1
DA:156,1
DA:157,1
LF:41
LH:21
BRDA:49,0,0,0
BRDA:49,0,1,0
BRDA:55,1,0,0
BRDA:55,1,1,0
BRDA:55,1,2,0
BRDA:55,1,3,0
BRDA:55,1,4,0
BRDA:55,1,5,0
BRDA:55,1,6,0
BRDA:55,1,7,0
BRDA:55,1,8,0
BRDA:55,1,9,0
BRDA:128,2,0,0
BRDA:128,2,1,0
BRDA:128,3,0,0
BRDA:128,3,1,0
BRDA:130,4,0,0
BRDA:130,4,1,0
BRF:18
BRH:0
end_of_record
TN:
SF:C:/Users/a263625/git/TM DEV/Test_Manager/7_implementation/tm/tm-web/src/app/features/routine/routine-overview/routine-overview.routing.module.ts
FN:35,(anonymous_1)
FNF:1
FNH:1
FNDA:1,(anonymous_1)
DA:1,1
DA:2,1
DA:3,1
DA:4,1
DA:5,1
DA:7,1
DA:35,1
LF:7
LH:7
BRF:0
BRH:0
end_of_record
TN:
SF:C:/Users/a263625/git/TM DEV/Test_Manager/7_implementation/tm/tm-web/src/app/features/routine/routine-overview/routine-overview.service.ts
FN:19,(anonymous_2)
FN:22,RoutineOverviewService
FN:31,(anonymous_4)
FN:38,(anonymous_5)
FN:48,(anonymous_6)
FN:59,(anonymous_7)
FNF:6
FNH:1
FNDA:1,(anonymous_2)
FNDA:0,RoutineOverviewService
FNDA:0,(anonymous_4)
FNDA:0,(anonymous_5)
FNDA:0,(anonymous_6)
FNDA:0,(anonymous_7)
DA:1,1
DA:2,1
DA:3,1
DA:4,1
DA:6,1
DA:8,1
DA:12,1
DA:13,1
DA:19,1
DA:23,0
DA:24,0
DA:26,0
DA:29,0
DA:31,1
DA:35,0
DA:39,0
DA:43,0
DA:44,0
DA:48,0
DA:49,0
DA:50,0
DA:52,0
DA:54,0
DA:58,0
DA:59,0
DA:60,0
DA:63,0
DA:67,1
LF:28
LH:11
BRDA:40,0,0,0
BRDA:40,0,1,0
BRDA:41,1,0,0
BRDA:41,1,1,0
BRDA:43,2,0,0
BRDA:43,2,1,0
BRDA:49,3,0,0
BRDA:49,3,1,0
BRDA:49,4,0,0
BRDA:49,4,1,0
BRDA:49,4,2,0
BRDA:49,4,3,0
BRDA:52,5,0,0
BRDA:52,5,1,0
BRDA:58,6,0,0
BRDA:58,6,1,0
BRDA:23,7,0,1
BRDA:23,7,1,0
BRDA:23,8,0,1
BRDA:23,9,0,1
BRDA:23,9,1,1
BRDA:23,9,2,0
BRDA:23,10,0,1
BRDA:23,10,1,1
BRF:24
BRH:6
end_of_record
TN:
SF:C:/Users/a263625/git/TM DEV/Test_Manager/7_implementation/tm/tm-web/src/app/features/routine/routine-overview/routine-overview-action-menu/routine-overview-action-menu.component.ts
FN:14,(anonymous_2)
FN:23,RoutineOverviewActionMenuComponent
FN:26,(anonymous_4)
FN:31,(anonymous_5)
FNF:4
FNH:1
FNDA:1,(anonymous_2)
FNDA:0,RoutineOverviewActionMenuComponent
FNDA:0,(anonymous_4)
FNDA:0,(anonymous_5)
DA:1,1
DA:2,1
DA:4,1
DA:6,1
DA:14,1
DA:17,1
DA:18,1
DA:19,1
DA:20,1
DA:22,1
DA:23,0
DA:24,0
DA:26,1
DA:27,0
DA:28,0
DA:31,1
DA:32,0
DA:33,0
DA:35,1
LF:19
LH:13
BRDA:22,0,0,1
BRDA:22,0,1,0
BRDA:22,1,0,1
BRDA:23,2,0,1
BRDA:23,2,1,0
BRDA:23,3,0,1
BRDA:23,4,0,1
BRDA:23,4,1,1
BRDA:23,4,2,0
BRDA:23,5,0,1
BRDA:23,5,1,1
BRF:11
BRH:8
end_of_record
TN:
SF:C:/Users/a263625/git/TM DEV/Test_Manager/7_implementation/tm/tm-web/src/app/features/routine/routine-overview/routine-overview-action-menu/routine-overview-action-menu.module.ts
FN:15,(anonymous_1)
FNF:1
FNH:1
FNDA:1,(anonymous_1)
DA:1,1
DA:2,1
DA:3,1
DA:4,1
DA:15,1
LF:5
LH:5
BRF:0
BRH:0
end_of_record
TN:
SF:C:/Users/a263625/git/TM DEV/Test_Manager/7_implementation/tm/tm-web/src/app/features/sequence/sequence-details/sequence-details.actions.ts
FN:38,(anonymous_0)
FN:40,GetTrackList
FN:43,(anonymous_2)
FN:45,GetTrackListSuccess
FN:48,(anonymous_4)
FN:52,(anonymous_6)
FN:54,GetSequenceDetails
FN:57,(anonymous_8)
FN:59,GetSequenceDetailsSuccess
FN:62,(anonymous_10)
FN:66,(anonymous_12)
FN:68,DeleteSequence
FN:71,(anonymous_14)
FN:75,(anonymous_16)
FN:79,(anonymous_18)
FN:83,(anonymous_20)
FN:87,(anonymous_22)
FN:89,UpdateSequenceDetailsSuccess
FN:92,(anonymous_24)
FN:96,(anonymous_26)
FN:100,(anonymous_28)
FN:104,(anonymous_30)
FN:106,UpdateSequenceDetailsForm
FN:109,(anonymous_32)
FN:111,UpdateUserGroup
FN:114,(anonymous_34)
FN:116,UpdateUserGroupSuccess
FN:119,(anonymous_36)
FN:121,UpdateUserSite
FN:124,(anonymous_38)
FN:126,UpdateUserSiteSuccess
FN:129,(anonymous_40)
FN:133,(anonymous_42)
FN:137,(anonymous_44)
FN:139,ReorderSequenceLine
FN:142,(anonymous_46)
FN:144,DeleteSequenceLine
FN:147,(anonymous_48)
FN:149,CheckForParentSequence
FN:152,(anonymous_50)
FN:154,CheckForParentSequenceSuccess
FN:157,(anonymous_52)
FN:159,DeleteSequenceItem
FN:162,(anonymous_54)
FN:166,(anonymous_56)
FN:168,CreateSequenceCopySuccess
FN:171,(anonymous_58)
FN:173,DeleteAndUpdateSequenceLines
FNF:48
FNH:30
FNDA:1,(anonymous_0)
FNDA:0,GetTrackList
FNDA:1,(anonymous_2)
FNDA:0,GetTrackListSuccess
FNDA:1,(anonymous_4)
FNDA:1,(anonymous_6)
FNDA:0,GetSequenceDetails
FNDA:1,(anonymous_8)
FNDA:0,GetSequenceDetailsSuccess
FNDA:1,(anonymous_10)
FNDA:1,(anonymous_12)
FNDA:0,DeleteSequence
FNDA:1,(anonymous_14)
FNDA:1,(anonymous_16)
FNDA:1,(anonymous_18)
FNDA:1,(anonymous_20)
FNDA:1,(anonymous_22)
FNDA:0,UpdateSequenceDetailsSuccess
FNDA:1,(anonymous_24)
FNDA:1,(anonymous_26)
FNDA:1,(anonymous_28)
FNDA:1,(anonymous_30)
FNDA:0,UpdateSequenceDetailsForm
FNDA:1,(anonymous_32)
FNDA:0,UpdateUserGroup
FNDA:1,(anonymous_34)
FNDA:0,UpdateUserGroupSuccess
FNDA:1,(anonymous_36)
FNDA:0,UpdateUserSite
FNDA:1,(anonymous_38)
FNDA:0,UpdateUserSiteSuccess
FNDA:1,(anonymous_40)
FNDA:1,(anonymous_42)
FNDA:1,(anonymous_44)
FNDA:0,ReorderSequenceLine
FNDA:1,(anonymous_46)
FNDA:0,DeleteSequenceLine
FNDA:1,(anonymous_48)
FNDA:0,CheckForParentSequence
FNDA:1,(anonymous_50)
FNDA:0,CheckForParentSequenceSuccess
FNDA:1,(anonymous_52)
FNDA:0,DeleteSequenceItem
FNDA:1,(anonymous_54)
FNDA:1,(anonymous_56)
FNDA:0,CreateSequenceCopySuccess
FNDA:1,(anonymous_58)
FNDA:0,DeleteAndUpdateSequenceLines
DA:5,1
DA:38,1
DA:39,0
DA:40,0
DA:41,1
DA:43,1
DA:44,0
DA:45,0
DA:46,1
DA:48,1
DA:49,0
DA:50,1
DA:52,1
DA:53,0
DA:54,0
DA:55,1
DA:57,1
DA:58,0
DA:59,0
DA:60,1
DA:62,1
DA:63,0
DA:64,1
DA:66,1
DA:67,0
DA:68,0
DA:69,1
DA:71,1
DA:72,0
DA:73,1
DA:75,1
DA:76,0
DA:77,1
DA:79,1
DA:80,0
DA:81,1
DA:83,1
DA:84,0
DA:85,1
DA:87,1
DA:88,0
DA:89,0
DA:90,1
DA:92,1
DA:93,0
DA:94,1
DA:96,1
DA:97,0
DA:98,1
DA:100,1
DA:101,0
DA:102,1
DA:104,1
DA:105,0
DA:106,0
DA:107,1
DA:109,1
DA:110,0
DA:111,0
DA:112,1
DA:114,1
DA:115,0
DA:116,0
DA:117,1
DA:119,1
DA:120,0
DA:121,0
DA:122,1
DA:124,1
DA:125,0
DA:126,0
DA:127,1
DA:129,1
DA:130,0
DA:131,1
DA:133,1
DA:134,0
DA:135,1
DA:137,1
DA:138,0
DA:139,0
DA:140,1
DA:142,1
DA:143,0
DA:144,0
DA:145,1
DA:147,1
DA:148,0
DA:149,0
DA:150,1
DA:152,1
DA:153,0
DA:154,0
DA:155,1
DA:157,1
DA:158,0
DA:159,0
DA:160,1
DA:162,1
DA:163,0
DA:164,1
DA:166,1
DA:167,0
DA:168,0
DA:169,1
DA:171,1
DA:172,0
DA:173,0
DA:174,1
LF:109
LH:61
BRF:0
BRH:0
end_of_record
TN:
SF:C:/Users/a263625/git/TM DEV/Test_Manager/7_implementation/tm/tm-web/src/app/features/sequence/sequence-details/sequence-details.component.ts
FN:54,(anonymous_3)
FN:86,SequenceDetailsComponent
FN:93,(anonymous_5)
FN:97,(anonymous_6)
FN:104,(anonymous_7)
FN:112,(anonymous_8)
FN:118,(anonymous_9)
FN:134,(anonymous_10)
FN:140,(anonymous_11)
FN:148,(anonymous_12)
FN:154,(anonymous_13)
FN:167,(anonymous_14)
FN:174,(anonymous_15)
FN:178,(anonymous_16)
FN:189,(anonymous_17)
FN:193,(anonymous_18)
FN:197,(anonymous_19)
FN:201,(anonymous_20)
FN:235,(anonymous_21)
FN:239,(anonymous_22)
FN:240,(anonymous_23)
FN:253,(anonymous_24)
FN:261,(anonymous_25)
FN:269,(anonymous_26)
FN:290,(anonymous_27)
FN:298,(anonymous_28)
FN:303,(anonymous_29)
FN:304,(anonymous_30)
FN:305,(anonymous_31)
FN:312,(anonymous_32)
FN:315,(anonymous_33)
FN:324,(anonymous_34)
FN:342,(anonymous_35)
FN:354,(anonymous_36)
FN:357,(anonymous_37)
FN:378,(anonymous_38)
FN:383,(anonymous_39)
FN:387,(anonymous_40)
FN:392,(anonymous_41)
FN:398,(anonymous_42)
FN:404,(anonymous_43)
FN:408,(anonymous_44)
FN:412,(anonymous_45)
FN:413,(anonymous_46)
FNF:44
FNH:1
FNDA:1,(anonymous_3)
FNDA:0,SequenceDetailsComponent
FNDA:0,(anonymous_5)
FNDA:0,(anonymous_6)
FNDA:0,(anonymous_7)
FNDA:0,(anonymous_8)
FNDA:0,(anonymous_9)
FNDA:0,(anonymous_10)
FNDA:0,(anonymous_11)
FNDA:0,(anonymous_12)
FNDA:0,(anonymous_13)
FNDA:0,(anonymous_14)
FNDA:0,(anonymous_15)
FNDA:0,(anonymous_16)
FNDA:0,(anonymous_17)
FNDA:0,(anonymous_18)
FNDA:0,(anonymous_19)
FNDA:0,(anonymous_20)
FNDA:0,(anonymous_21)
FNDA:0,(anonymous_22)
FNDA:0,(anonymous_23)
FNDA:0,(anonymous_24)
FNDA:0,(anonymous_25)
FNDA:0,(anonymous_26)
FNDA:0,(anonymous_27)
FNDA:0,(anonymous_28)
FNDA:0,(anonymous_29)
FNDA:0,(anonymous_30)
FNDA:0,(anonymous_31)
FNDA:0,(anonymous_32)
FNDA:0,(anonymous_33)
FNDA:0,(anonymous_34)
FNDA:0,(anonymous_35)
FNDA:0,(anonymous_36)
FNDA:0,(anonymous_37)
FNDA:0,(anonymous_38)
FNDA:0,(anonymous_39)
FNDA:0,(anonymous_40)
FNDA:0,(anonymous_41)
FNDA:0,(anonymous_42)
FNDA:0,(anonymous_43)
FNDA:0,(anonymous_44)
FNDA:0,(anonymous_45)
FNDA:0,(anonymous_46)
DA:1,1
DA:12,1
DA:16,1
DA:17,1
DA:18,1
DA:19,1
DA:20,1
DA:22,1
DA:24,1
DA:31,1
DA:34,1
DA:45,1
DA:54,1
DA:55,1
DA:56,1
DA:57,1
DA:66,0
DA:67,0
DA:68,0
DA:69,0
DA:70,0
DA:71,0
DA:74,0
DA:75,0
DA:76,0
DA:77,0
DA:80,0
DA:81,0
DA:82,0
DA:83,0
DA:85,0
DA:86,0
DA:87,0
DA:88,0
DA:89,0
DA:90,0
DA:93,2
DA:94,0
DA:97,1
DA:98,0
DA:99,0
DA:101,0
DA:104,1
DA:105,0
DA:106,0
DA:108,0
DA:109,0
DA:112,1
DA:113,0
DA:115,0
DA:116,0
DA:117,0
DA:118,0
DA:119,0
[...]
FNDA:0,SelectTags
FNDA:1,(anonymous_16)
FNDA:0,DeSelectTags
FNDA:1,(anonymous_18)
FNDA:0,ReorderTestCaseTags
FNDA:1,(anonymous_20)
FNDA:0,ReorderTestStepTags
FNDA:1,(anonymous_22)
FNDA:0,DeleteTestCaseTags
FNDA:1,(anonymous_24)
FNDA:0,DeleteTestStepTags
FNDA:1,(anonymous_26)
FNDA:0,UpdateSelectedTags
DA:6,1
DA:24,1
DA:25,0
DA:26,0
DA:27,1
DA:29,1
DA:30,0
DA:31,1
DA:33,1
DA:34,0
DA:35,1
DA:37,1
DA:38,0
DA:39,0
DA:40,1
DA:42,1
DA:43,0
DA:44,1
DA:46,1
DA:47,0
DA:48,0
DA:49,1
DA:51,1
DA:52,0
DA:53,0
DA:54,1
DA:55,1
DA:56,0
DA:57,0
DA:58,1
DA:60,1
DA:61,0
DA:62,0
DA:63,1
DA:65,1
DA:66,0
DA:67,0
DA:68,1
DA:70,1
DA:71,0
DA:72,0
DA:73,1
DA:75,1
DA:76,0
DA:77,0
DA:78,1
DA:79,1
DA:80,0
DA:81,0
DA:82,1
DA:83,1
DA:84,0
DA:85,0
DA:86,1
LF:54
LH:29
BRF:0
BRH:0
end_of_record
TN:
SF:C:/Users/a263625/git/TM DEV/Test_Manager/7_implementation/tm/tm-web/src/app/shared/tag/tag.component.ts
FN:39,(anonymous_3)
FN:51,TagComponent
FN:54,(anonymous_5)
FN:68,(anonymous_6)
FN:76,(anonymous_7)
FN:80,(anonymous_8)
FN:88,(anonymous_9)
FN:97,(anonymous_10)
FN:106,(anonymous_11)
FN:115,(anonymous_12)
FN:124,(anonymous_13)
FN:128,(anonymous_14)
FN:135,(anonymous_15)
FN:139,(anonymous_16)
FNF:14
FNH:1
FNDA:1,(anonymous_3)
FNDA:0,TagComponent
FNDA:0,(anonymous_5)
FNDA:0,(anonymous_6)
FNDA:0,(anonymous_7)
FNDA:0,(anonymous_8)
FNDA:0,(anonymous_9)
FNDA:0,(anonymous_10)
FNDA:0,(anonymous_11)
FNDA:0,(anonymous_12)
FNDA:0,(anonymous_13)
FNDA:0,(anonymous_14)
FNDA:0,(anonymous_15)
FNDA:0,(anonymous_16)
DA:1,1
DA:2,1
DA:3,1
DA:5,1
DA:6,1
DA:7,1
DA:8,1
DA:9,1
DA:12,1
DA:19,1
DA:39,1
DA:40,1
DA:41,1
DA:47,0
DA:51,0
DA:54,1
DA:55,0
DA:56,0
DA:57,0
DA:58,0
DA:59,0
DA:60,0
DA:61,0
DA:62,0
DA:64,0
DA:68,1
DA:76,1
DA:77,0
DA:80,1
DA:81,0
DA:82,0
DA:84,0
DA:88,1
DA:89,0
DA:90,0
DA:92,0
DA:97,1
DA:98,0
DA:99,0
DA:101,0
DA:106,1
DA:107,0
DA:108,0
DA:110,0
DA:115,1
DA:117,0
DA:121,0
DA:124,1
DA:125,0
DA:128,1
DA:129,0
DA:132,0
DA:135,1
DA:136,0
DA:139,0
DA:140,0
DA:143,0
DA:144,0
DA:154,0
DA:155,0
DA:157,0
DA:159,0
DA:160,0
DA:163,1
LF:64
LH:25
BRDA:61,0,0,0
BRDA:61,0,1,0
BRDA:81,1,0,0
BRDA:81,1,1,0
BRDA:89,2,0,0
BRDA:89,2,1,0
BRDA:98,3,0,0
BRDA:98,3,1,0
BRDA:107,4,0,0
BRDA:107,4,1,0
BRDA:141,5,0,0
BRDA:141,5,1,0
BRDA:149,6,0,0
BRDA:149,6,1,0
BRDA:154,7,0,0
BRDA:154,7,1,0
BRDA:41,8,0,1
BRDA:41,8,1,0
BRDA:41,9,0,1
BRDA:51,10,0,1
BRDA:51,10,1,0
BRDA:51,11,0,1
BRDA:51,12,0,1
BRDA:51,12,1,1
BRDA:51,12,2,0
BRDA:51,13,0,1
BRDA:51,13,1,1
BRF:27
BRH:8
end_of_record
TN:
SF:C:/Users/a263625/git/TM DEV/Test_Manager/7_implementation/tm/tm-web/src/app/shared/tag/tag.effects.ts
FN:31,(anonymous_3)
FN:32,TagComponentEffects
FN:40,(anonymous_5)
FN:42,(anonymous_6)
FN:45,(anonymous_7)
FN:55,(anonymous_8)
FN:60,(anonymous_9)
FN:69,(anonymous_10)
FN:71,(anonymous_11)
FN:85,(anonymous_12)
FN:102,(anonymous_13)
FN:120,(anonymous_14)
FN:137,(anonymous_15)
FNF:13
FNH:1
FNDA:1,(anonymous_3)
FNDA:0,TagComponentEffects
FNDA:0,(anonymous_5)
FNDA:0,(anonymous_6)
FNDA:0,(anonymous_7)
FNDA:0,(anonymous_8)
FNDA:0,(anonymous_9)
FNDA:0,(anonymous_10)
FNDA:0,(anonymous_11)
FNDA:0,(anonymous_12)
FNDA:0,(anonymous_13)
FNDA:0,(anonymous_14)
FNDA:0,(anonymous_15)
DA:1,1
DA:2,1
DA:3,1
DA:4,1
DA:5,1
DA:6,1
DA:7,1
DA:8,1
DA:9,1
DA:10,1
DA:11,1
DA:14,1
DA:15,1
DA:16,1
DA:17,1
DA:27,1
DA:31,1
DA:32,0
DA:33,0
DA:34,0
DA:35,0
DA:38,1
DA:41,0
DA:43,0
DA:46,0
DA:50,1
DA:55,0
DA:57,1
DA:60,0
DA:61,0
DA:62,0
DA:63,0
DA:66,1
DA:69,0
DA:70,0
DA:71,0
DA:72,0
DA:82,1
DA:85,0
DA:86,0
DA:87,0
DA:88,0
DA:89,0
DA:99,1
DA:102,0
DA:103,0
DA:104,0
DA:105,0
DA:106,0
DA:117,1
DA:120,0
DA:121,0
DA:122,0
DA:123,0
DA:134,1
DA:137,0
DA:138,0
DA:139,0
DA:140,0
DA:151,1
LF:60
LH:26
BRDA:94,0,0,0
BRDA:94,0,1,0
BRDA:111,1,0,0
BRDA:111,1,1,0
BRDA:128,2,0,0
BRDA:128,2,1,0
BRDA:145,3,0,0
BRDA:145,3,1,0
BRDA:38,4,0,1
BRDA:38,4,1,0
BRDA:38,5,0,1
BRDA:50,6,0,1
BRDA:50,6,1,0
BRDA:50,7,0,1
BRDA:57,8,0,1
BRDA:57,8,1,0
BRDA:57,9,0,1
BRDA:66,10,0,1
BRDA:66,10,1,0
BRDA:66,11,0,1
BRDA:82,12,0,1
BRDA:82,12,1,0
BRDA:82,13,0,1
BRDA:99,14,0,1
BRDA:99,14,1,0
BRDA:99,15,0,1
BRDA:117,16,0,1
BRDA:117,16,1,0
BRDA:117,17,0,1
BRDA:134,18,0,1
BRDA:134,18,1,0
BRDA:134,19,0,1
BRDA:33,20,0,1
BRDA:33,20,1,0
BRDA:33,21,0,1
BRDA:33,22,0,1
BRDA:33,22,1,1
BRDA:33,22,2,0
BRDA:33,23,0,1
BRDA:33,23,1,1
BRDA:34,24,0,1
BRDA:34,24,1,1
BRDA:34,24,2,0
BRDA:34,25,0,1
BRDA:34,25,1,1
BRF:45
BRH:26
end_of_record
TN:
SF:C:/Users/a263625/git/TM DEV/Test_Manager/7_implementation/tm/tm-web/src/app/shared/tag/tag.module.ts
FN:29,(anonymous_1)
FNF:1
FNH:1
FNDA:1,(anonymous_1)
DA:1,1
DA:2,1
DA:3,1
DA:4,1
DA:5,1
DA:6,1
DA:7,1
DA:8,1
DA:9,1
DA:10,1
DA:11,1
DA:13,1
DA:29,1
LF:13
LH:13
BRF:0
BRH:0
end_of_record
TN:
SF:C:/Users/a263625/git/TM DEV/Test_Manager/7_implementation/tm/tm-web/src/app/shared/tag/tag.reducer.ts
FN:35,tagComponentReducer
FN:67,(anonymous_2)
FN:84,getNextSort
FN:99,(anonymous_4)
FN:100,(anonymous_5)
FN:101,(anonymous_6)
FN:102,(anonymous_7)
FN:103,(anonymous_8)
FNF:8
FNH:0
FNDA:0,tagComponentReducer
FNDA:0,(anonymous_2)
FNDA:0,getNextSort
FNDA:0,(anonymous_4)
FNDA:0,(anonymous_5)
FNDA:0,(anonymous_6)
FNDA:0,(anonymous_7)
FNDA:0,(anonymous_8)
DA:1,1
DA:2,1
DA:4,1
DA:6,1
DA:15,1
DA:25,1
DA:35,1
DA:36,0
DA:40,0
DA:48,0
DA:54,0
DA:59,0
DA:61,0
DA:63,0
DA:65,0
DA:67,0
DA:70,0
DA:75,0
DA:80,0
DA:84,1
DA:85,0
DA:86,0
DA:87,0
DA:93,0
DA:99,1
DA:100,1
DA:101,1
DA:102,1
DA:103,1
DA:105,1
DA:106,1
DA:107,1
DA:108,1
DA:110,1
DA:111,1
LF:35
LH:19
BRDA:36,0,0,0
BRDA:36,0,1,0
BRDA:47,1,0,0
BRDA:47,1,1,0
BRDA:47,1,2,0
BRDA:47,1,3,0
BRDA:47,1,4,0
BRDA:47,1,5,0
BRDA:85,2,0,0
BRDA:85,2,1,0
BRDA:85,3,0,0
BRDA:85,3,1,0
BRDA:87,4,0,0
BRDA:87,4,1,0
BRF:14
BRH:0
end_of_record
TN:
SF:C:/Users/a263625/git/TM DEV/Test_Manager/7_implementation/tm/tm-web/src/app/shared/tag/tag.service.ts
FN:13,(anonymous_2)
FN:16,TagComponentService
FN:22,(anonymous_4)
FN:28,(anonymous_5)
FN:38,(anonymous_6)
FNF:5
FNH:1
FNDA:1,(anonymous_2)
FNDA:0,TagComponentService
FNDA:0,(anonymous_4)
FNDA:0,(anonymous_5)
FNDA:0,(anonymous_6)
DA:1,1
DA:2,1
DA:3,1
DA:4,1
DA:6,1
DA:8,1
DA:9,1
DA:10,1
DA:13,1
DA:15,0
DA:16,0
DA:17,0
DA:19,0
DA:22,1
DA:25,0
DA:29,0
DA:33,0
DA:34,0
DA:38,0
DA:39,0
DA:40,0
DA:43,0
DA:47,1
LF:23
LH:11
BRDA:30,0,0,0
BRDA:30,0,1,0
BRDA:31,1,0,0
BRDA:31,1,1,0
BRDA:33,2,0,0
BRDA:33,2,1,0
BRDA:16,3,0,1
BRDA:16,3,1,0
BRDA:16,4,0,1
BRDA:16,5,0,1
BRDA:16,5,1,1
BRDA:16,5,2,0
BRDA:16,6,0,1
BRDA:16,6,1,1
BRF:14
BRH:6
end_of_record
TN:
SF:C:/Users/a263625/git/TM DEV/Test_Manager/7_implementation/tm/tm-web/src/app/shared/tool/tool.actions.ts
FN:24,(anonymous_0)
FN:26,UpdateToolFilters
FN:29,(anonymous_2)
FN:33,(anonymous_4)
FN:37,(anonymous_6)
FN:39,LoadToolsSuccess
FN:42,(anonymous_8)
FN:46,(anonymous_10)
FN:48,SortTools
FN:51,(anonymous_12)
FN:53,PaginateTools
FN:55,(anonymous_14)
FN:57,SelectTools
FN:60,(anonymous_16)
FN:62,DeSelectTools
FN:65,(anonymous_18)
FN:67,ReorderTestCaseTools
FN:69,(anonymous_20)
FN:71,ReorderTestStepTools
FN:74,(anonymous_22)
FN:76,DeleteTestCaseTools
FN:78,(anonymous_24)
FN:80,DeleteTestStepTools
FN:82,(anonymous_26)
FN:84,UpdateSelectedTools
FNF:25
FNH:14
FNDA:1,(anonymous_0)
FNDA:0,UpdateToolFilters
FNDA:1,(anonymous_2)
FNDA:1,(anonymous_4)
FNDA:1,(anonymous_6)
FNDA:0,LoadToolsSuccess
FNDA:1,(anonymous_8)
FNDA:1,(anonymous_10)
FNDA:0,SortTools
FNDA:1,(anonymous_12)
FNDA:0,PaginateTools
FNDA:1,(anonymous_14)
FNDA:0,SelectTools
FNDA:1,(anonymous_16)
FNDA:0,DeSelectTools
FNDA:1,(anonymous_18)
FNDA:0,ReorderTestCaseTools
FNDA:1,(anonymous_20)
FNDA:0,ReorderTestStepTools
FNDA:1,(anonymous_22)
FNDA:0,DeleteTestCaseTools
FNDA:1,(anonymous_24)
FNDA:0,DeleteTestStepTools
FNDA:1,(anonymous_26)
FNDA:0,UpdateSelectedTools
DA:6,1
DA:24,1
DA:25,0
DA:26,0
DA:27,1
DA:29,1
DA:30,0
DA:31,1
DA:33,1
DA:34,0
DA:35,1
DA:37,1
DA:38,0
DA:39,0
DA:40,1
DA:42,1
DA:43,0
DA:44,1
DA:46,1
DA:47,0
DA:48,0
DA:49,1
DA:51,1
DA:52,0
DA:53,0
DA:54,1
DA:55,1
DA:56,0
DA:57,0
DA:58,1
DA:60,1
DA:61,0
DA:62,0
DA:63,1
DA:65,1
DA:66,0
DA:67,0
DA:68,1
DA:69,1
DA:70,0
DA:71,0
DA:72,1
DA:74,1
DA:75,0
DA:76,0
DA:77,1
DA:78,1
DA:79,0
DA:80,0
DA:81,1
DA:82,1
DA:83,0
DA:84,0
DA:85,1
LF:54
LH:29
BRF:0
BRH:0
end_of_record
TN:
SF:C:/Users/a263625/git/TM DEV/Test_Manager/7_implementation/tm/tm-web/src/app/shared/tool/tool.component.ts
FN:39,(anonymous_3)
FN:51,ToolsComponent
FN:53,(anonymous_5)
FN:66,(anonymous_6)
FN:73,(anonymous_7)
FN:76,(anonymous_8)
FN:79,(anonymous_9)
FN:88,(anonymous_10)
FN:96,(anonymous_11)
FN:105,(anonymous_12)
FN:114,(anonymous_13)
FN:122,(anonymous_14)
FN:126,(anonymous_15)
FN:148,(anonymous_16)
FNF:14
FNH:1
FNDA:1,(anonymous_3)
FNDA:0,ToolsComponent
FNDA:0,(anonymous_5)
FNDA:0,(anonymous_6)
FNDA:0,(anonymous_7)
FNDA:0,(anonymous_8)
FNDA:0,(anonymous_9)
FNDA:0,(anonymous_10)
FNDA:0,(anonymous_11)
FNDA:0,(anonymous_12)
FNDA:0,(anonymous_13)
FNDA:0,(anonymous_14)
FNDA:0,(anonymous_15)
FNDA:0,(anonymous_16)
DA:1,1
DA:2,1
DA:5,1
DA:7,1
DA:8,1
DA:9,1
DA:10,1
DA:11,1
DA:12,1
DA:19,1
DA:39,1
DA:40,1
DA:41,1
DA:48,0
DA:51,0
DA:53,1
DA:54,0
DA:55,0
DA:56,0
DA:57,0
DA:58,0
DA:59,0
DA:60,0
DA:62,0
DA:64,0
DA:66,1
DA:67,0
DA:68,0
DA:70,0
DA:73,1
DA:74,0
DA:76,1
DA:77,0
DA:79,1
DA:80,0
DA:81,0
DA:83,0
DA:88,1
DA:90,0
DA:94,0
DA:96,1
DA:97,0
DA:98,0
DA:100,0
DA:102,0
DA:105,1
DA:106,0
DA:107,0
DA:109,0
DA:111,0
DA:114,1
DA:115,0
DA:116,0
DA:118,0
DA:120,0
DA:122,1
DA:123,0
DA:126,0
DA:127,0
DA:128,0
DA:129,0
DA:139,0
DA:140,0
DA:142,0
DA:144,0
DA:145,0
DA:148,1
DA:149,0
DA:152,0
DA:154,1
LF:70
LH:25
BRDA:59,0,0,0
BRDA:59,0,1,0
BRDA:67,1,0,0
BRDA:67,1,1,0
BRDA:80,2,0,0
BRDA:80,2,1,0
BRDA:97,3,0,0
BRDA:97,3,1,0
BRDA:106,4,0,0
BRDA:106,4,1,0
BRDA:115,5,0,0
BRDA:115,5,1,0
BRDA:132,6,0,0
BRDA:132,6,1,0
BRDA:134,7,0,0
BRDA:134,7,1,0
BRDA:139,8,0,0
BRDA:139,8,1,0
BRDA:41,9,0,1
BRDA:41,9,1,0
BRDA:41,10,0,1
BRDA:51,11,0,1
BRDA:51,11,1,0
BRDA:51,12,0,1
BRDA:51,13,0,1
BRDA:51,13,1,1
BRDA:51,13,2,0
BRDA:51,14,0,1
BRDA:51,14,1,1
BRF:29
BRH:8
end_of_record
TN:
SF:C:/Users/a263625/git/TM DEV/Test_Manager/7_implementation/tm/tm-web/src/app/shared/tool/tool.effects.ts
FN:29,(anonymous_3)
FN:31,ToolComponentEffects
FN:39,(anonymous_5)
FN:41,(anonymous_6)
FN:44,(anonymous_7)
FN:54,(anonymous_8)
FN:59,(anonymous_9)
FN:68,(anonymous_10)
FN:70,(anonymous_11)
FN:83,(anonymous_12)
FN:100,(anonymous_13)
FN:118,(anonymous_14)
FN:134,(anonymous_15)
FNF:13
FNH:1
FNDA:1,(anonymous_3)
FNDA:0,ToolComponentEffects
FNDA:0,(anonymous_5)
FNDA:0,(anonymous_6)
FNDA:0,(anonymous_7)
FNDA:0,(anonymous_8)
FNDA:0,(anonymous_9)
FNDA:0,(anonymous_10)
FNDA:0,(anonymous_11)
FNDA:0,(anonymous_12)
FNDA:0,(anonymous_13)
FNDA:0,(anonymous_14)
FNDA:0,(anonymous_15)
DA:1,1
DA:2,1
DA:3,1
DA:4,1
DA:5,1
DA:6,1
DA:7,1
DA:8,1
DA:9,1
DA:10,1
DA:13,1
DA:14,1
DA:23,1
DA:24,1
DA:25,1
DA:26,1
DA:29,1
DA:31,0
DA:32,0
DA:33,0
DA:34,0
DA:37,1
DA:40,0
DA:42,0
DA:45,0
DA:49,1
DA:54,0
DA:56,1
DA:59,0
DA:60,0
DA:61,0
DA:62,0
DA:65,1
DA:68,0
DA:69,0
DA:70,0
DA:71,0
DA:80,1
DA:83,0
DA:84,0
DA:85,0
DA:86,0
DA:87,0
DA:97,1
DA:100,0
DA:101,0
DA:102,0
DA:103,0
DA:104,0
DA:115,1
DA:118,0
DA:119,0
DA:120,0
DA:121,0
DA:131,1
DA:134,0
DA:135,0
DA:136,0
DA:137,0
DA:148,1
LF:60
LH:26
BRDA:92,0,0,0
BRDA:92,0,1,0
BRDA:109,1,0,0
BRDA:109,1,1,0
BRDA:126,2,0,0
BRDA:126,2,1,0
BRDA:142,3,0,0
BRDA:142,3,1,0
BRDA:37,4,0,1
BRDA:37,4,1,0
BRDA:37,5,0,1
BRDA:49,6,0,1
BRDA:49,6,1,0
BRDA:49,7,0,1
BRDA:56,8,0,1
BRDA:56,8,1,0
BRDA:56,9,0,1
BRDA:65,10,0,1
BRDA:65,10,1,0
BRDA:65,11,0,1
BRDA:80,12,0,1
BRDA:80,12,1,0
BRDA:80,13,0,1
BRDA:97,14,0,1
BRDA:97,14,1,0
BRDA:97,15,0,1
BRDA:115,16,0,1
BRDA:115,16,1,0
BRDA:115,17,0,1
BRDA:131,18,0,1
BRDA:131,18,1,0
BRDA:131,19,0,1
BRDA:32,20,0,1
BRDA:32,20,1,0
BRDA:32,21,0,1
BRDA:32,22,0,1
BRDA:32,22,1,1
BRDA:32,22,2,0
BRDA:32,23,0,1
BRDA:32,23,1,1
BRDA:33,24,0,1
BRDA:33,24,1,1
BRDA:33,24,2,0
BRDA:33,25,0,1
BRDA:33,25,1,1
BRF:45
BRH:26
end_of_record
TN:
SF:C:/Users/a263625/git/TM DEV/Test_Manager/7_implementation/tm/tm-web/src/app/shared/tool/tool.module.ts
FN:30,(anonymous_1)
FNF:1
FNH:1
FNDA:1,(anonymous_1)
DA:1,1
DA:2,1
DA:3,1
DA:4,1
DA:5,1
DA:6,1
DA:7,1
DA:8,1
DA:9,1
DA:10,1
DA:11,1
DA:13,1
DA:30,1
LF:13
LH:13
BRF:0
BRH:0
end_of_record
TN:
SF:C:/Users/a263625/git/TM DEV/Test_Manager/7_implementation/tm/tm-web/src/app/shared/tool/tool.reducer.ts
FN:36,toolComponentReducer
FN:67,(anonymous_2)
FN:84,getNextSort
FN:99,(anonymous_4)
FN:100,(anonymous_5)
FN:101,(anonymous_6)
FN:102,(anonymous_7)
FN:103,(anonymous_8)
FNF:8
FNH:0
FNDA:0,toolComponentReducer
FNDA:0,(anonymous_2)
FNDA:0,getNextSort
FNDA:0,(anonymous_4)
FNDA:0,(anonymous_5)
FNDA:0,(anonymous_6)
FNDA:0,(anonymous_7)
FNDA:0,(anonymous_8)
DA:1,1
DA:2,1
DA:4,1
DA:7,1
DA:16,1
DA:26,1
DA:36,1
DA:37,0
DA:40,0
DA:48,0
DA:54,0
DA:59,0
DA:61,0
DA:63,0
DA:65,0
DA:67,0
DA:70,0
DA:75,0
DA:80,0
DA:84,1
DA:85,0
DA:86,0
DA:87,0
DA:93,0
DA:99,1
DA:100,1
DA:101,1
DA:102,1
DA:103,1
DA:105,1
DA:106,1
DA:107,1
DA:108,1
DA:109,1
DA:110,1
LF:35
LH:19
BRDA:37,0,0,0
BRDA:37,0,1,0
BRDA:47,1,0,0
BRDA:47,1,1,0
BRDA:47,1,2,0
BRDA:47,1,3,0
BRDA:47,1,4,0
BRDA:47,1,5,0
BRDA:85,2,0,0
BRDA:85,2,1,0
BRDA:85,3,0,0
BRDA:85,3,1,0
BRDA:87,4,0,0
BRDA:87,4,1,0
BRF:14
BRH:0
end_of_record
TN:
SF:C:/Users/a263625/git/TM DEV/Test_Manager/7_implementation/tm/tm-web/src/app/shared/tool/tool.service.ts
FN:13,(anonymous_2)
FN:17,ToolComponentService
FN:22,(anonymous_4)
FN:28,(anonymous_5)
FN:38,(anonymous_6)
FNF:5
FNH:1
FNDA:1,(anonymous_2)
FNDA:0,ToolComponentService
FNDA:0,(anonymous_4)
FNDA:0,(anonymous_5)
FNDA:0,(anonymous_6)
DA:1,1
DA:2,1
DA:3,1
DA:4,1
DA:6,1
DA:8,1
DA:9,1
DA:10,1
DA:13,1
DA:15,0
DA:17,0
DA:18,0
DA:19,0
DA:22,1
DA:25,0
DA:29,0
DA:33,0
DA:34,0
DA:38,0
DA:39,0
DA:40,0
DA:43,0
DA:47,1
LF:23
LH:11
BRDA:30,0,0,0
BRDA:30,0,1,0
BRDA:31,1,0,0
BRDA:31,1,1,0
BRDA:33,2,0,0
BRDA:33,2,1,0
BRDA:17,3,0,1
BRDA:17,3,1,0
BRDA:17,4,0,1
BRDA:17,5,0,1
BRDA:17,5,1,1
BRDA:17,5,2,0
BRDA:17,6,0,1
BRDA:17,6,1,1
BRF:14
BRH:6
end_of_record
TN:
SF:C:/Users/a263625/git/TM DEV/Test_Manager/7_implementation/tm/tm-web/src/app/shared/variant/variant.actions.ts
FN:15,(anonymous_0)
FN:19,(anonymous_2)
FN:21,LoadProductClassesSuccess
FN:24,(anonymous_4)
FN:27,(anonymous_6)
FN:29,GetVariantFilter
FN:32,(anonymous_8)
FN:34,GetVariantFilterSuccess
FN:37,(anonymous_10)
FNF:9
FNH:6
FNDA:1,(anonymous_0)
FNDA:1,(anonymous_2)
FNDA:0,LoadProductClassesSuccess
FNDA:1,(anonymous_4)
FNDA:1,(anonymous_6)
FNDA:0,GetVariantFilter
FNDA:1,(anonymous_8)
FNDA:0,GetVariantFilterSuccess
FNDA:1,(anonymous_10)
DA:5,1
DA:15,1
DA:16,0
DA:17,1
DA:19,1
DA:20,0
DA:21,0
DA:22,1
DA:24,1
DA:25,0
DA:26,1
DA:27,1
DA:28,0
DA:29,0
DA:30,1
DA:32,1
DA:33,0
DA:34,0
DA:35,1
DA:37,1
DA:38,0
DA:39,1
LF:22
LH:13
BRF:0
BRH:0
end_of_record
TN:
SF:C:/Users/a263625/git/TM DEV/Test_Manager/7_implementation/tm/tm-web/src/app/shared/variant/variant.component.ts
FN:19,(anonymous_3)
FN:33,VariantComponent
FN:35,(anonymous_5)
FN:45,(anonymous_6)
FN:46,(anonymous_7)
FN:50,(anonymous_8)
FN:51,(anonymous_9)
FN:59,(anonymous_10)
FN:60,(anonymous_11)
FN:61,(anonymous_12)
FN:64,(anonymous_13)
FN:69,(anonymous_14)
FN:75,(anonymous_15)
FN:79,(anonymous_16)
FNF:14
FNH:1
FNDA:1,(anonymous_3)
FNDA:0,VariantComponent
FNDA:0,(anonymous_5)
FNDA:0,(anonymous_6)
FNDA:0,(anonymous_7)
FNDA:0,(anonymous_8)
FNDA:0,(anonymous_9)
FNDA:0,(anonymous_10)
FNDA:0,(anonymous_11)
FNDA:0,(anonymous_12)
FNDA:0,(anonymous_13)
FNDA:0,(anonymous_14)
FNDA:0,(anonymous_15)
FNDA:0,(anonymous_16)
DA:1,1
DA:4,1
DA:5,1
DA:6,1
DA:7,1
DA:8,1
DA:9,1
DA:10,1
DA:11,1
DA:19,1
DA:20,1
DA:21,1
DA:25,0
DA:26,0
DA:27,0
DA:28,0
DA:29,0
DA:30,0
DA:31,0
DA:32,0
DA:33,0
DA:35,1
DA:36,0
DA:37,0
DA:38,0
DA:39,0
DA:41,0
DA:43,0
DA:45,1
DA:46,0
DA:47,0
DA:50,1
DA:51,0
DA:52,0
DA:53,0
DA:54,0
DA:59,1
DA:60,1
DA:61,1
DA:62,0
DA:64,1
DA:65,0
DA:66,0
DA:67,0
DA:69,1
DA:70,0
DA:71,0
DA:72,0
DA:75,1
DA:76,0
DA:79,0
DA:80,0
DA:81,0
DA:82,0
DA:92,0
DA:93,0
DA:95,0
DA:99,1
LF:58
LH:22
BRDA:38,0,0,0
BRDA:38,0,1,0
BRDA:52,1,0,0
BRDA:52,1,1,0
BRDA:87,2,0,0
BRDA:87,2,1,0
BRDA:92,3,0,0
BRDA:92,3,1,0
BRDA:33,4,0,1
BRDA:33,4,1,0
BRDA:33,5,0,1
BRF:11
BRH:2
end_of_record
TN:
SF:C:/Users/a263625/git/TM DEV/Test_Manager/7_implementation/tm/tm-web/src/app/shared/variant/variant.effects.ts
FN:23,(anonymous_2)
FN:25,VariantComponentEffects
FN:32,(anonymous_4)
FN:34,(anonymous_5)
FN:35,(anonymous_6)
FN:40,(anonymous_7)
FN:42,(anonymous_8)
FN:43,(anonymous_9)
FNF:8
FNH:1
FNDA:1,(anonymous_2)
FNDA:0,VariantComponentEffects
FNDA:0,(anonymous_4)
FNDA:0,(anonymous_5)
FNDA:0,(anonymous_6)
FNDA:0,(anonymous_7)
FNDA:0,(anonymous_8)
FNDA:0,(anonymous_9)
DA:1,1
DA:2,1
DA:3,1
DA:4,1
DA:5,1
DA:6,1
DA:7,1
DA:8,1
DA:9,1
DA:10,1
DA:11,1
DA:23,1
DA:25,0
DA:26,0
DA:27,0
DA:30,1
DA:33,0
DA:34,0
DA:35,0
DA:38,1
DA:41,0
DA:42,0
DA:43,0
DA:45,1
LF:24
LH:15
BRDA:30,0,0,1
BRDA:30,0,1,0
BRDA:30,1,0,1
BRDA:38,2,0,1
BRDA:38,2,1,0
BRDA:38,3,0,1
BRDA:25,4,0,1
BRDA:25,4,1,0
BRDA:25,5,0,1
BRDA:25,6,0,1
BRDA:25,6,1,1
BRDA:25,6,2,0
BRDA:25,7,0,1
BRDA:25,7,1,1
BRDA:26,8,0,1
BRDA:26,8,1,1
BRDA:26,8,2,0
BRDA:26,9,0,1
BRDA:26,9,1,1
BRF:19
BRH:14
end_of_record
TN:
SF:C:/Users/a263625/git/TM DEV/Test_Manager/7_implementation/tm/tm-web/src/app/shared/variant/variant.module.ts
FN:30,(anonymous_1)
FNF:1
FNH:1
FNDA:1,(anonymous_1)
DA:1,1
DA:2,1
DA:3,1
DA:4,1
DA:5,1
DA:6,1
DA:7,1
DA:8,1
DA:9,1
DA:10,1
DA:11,1
DA:12,1
DA:14,1
DA:30,1
LF:14
LH:14
BRF:0
BRH:0
end_of_record
TN:
SF:C:/Users/a263625/git/TM DEV/Test_Manager/7_implementation/tm/tm-web/src/app/shared/variant/variant.reducer.ts
FN:25,variantComponentReducer
FN:47,(anonymous_2)
FN:48,(anonymous_3)
FNF:3
FNH:0
FNDA:0,variantComponentReducer
FNDA:0,(anonymous_2)
FNDA:0,(anonymous_3)
DA:1,1
DA:4,1
DA:12,1
DA:19,1
DA:25,1
DA:26,0
DA:29,0
DA:31,0
DA:36,0
DA:41,0
DA:47,1
DA:48,1
DA:50,1
DA:51,1
DA:52,1
LF:15
LH:10
BRDA:26,0,0,0
BRDA:26,0,1,0
BRDA:30,1,0,0
BRDA:30,1,1,0
BRDA:30,1,2,0
BRF:5
BRH:0
end_of_record
TN:
SF:C:/Users/a263625/git/TM DEV/Test_Manager/7_implementation/tm/tm-web/src/app/shared/variant/variant.service.ts
FN:12,(anonymous_2)
FN:18,VariantComponentService
FN:25,(anonymous_4)
FN:28,(anonymous_5)
FNF:4
FNH:1
FNDA:1,(anonymous_2)
FNDA:0,VariantComponentService
FNDA:0,(anonymous_4)
FNDA:0,(anonymous_5)
DA:1,1
DA:2,1
DA:3,1
DA:5,1
DA:7,1
DA:8,1
DA:12,1
DA:15,0
DA:16,0
DA:18,0
DA:19,0
DA:20,0
DA:22,0
DA:25,1
DA:26,0
DA:28,1
DA:29,0
DA:31,1
LF:18
LH:10
BRDA:18,0,0,1
BRDA:18,0,1,0
BRDA:18,1,0,1
BRDA:18,2,0,1
BRDA:18,2,1,1
BRDA:18,2,2,0
BRDA:18,3,0,1
BRDA:18,3,1,1
BRDA:19,4,0,1
BRDA:19,4,1,1
BRDA:19,4,2,0
BRDA:19,5,0,1
BRDA:19,5,1,1
BRF:13
BRH:10
end_of_record
TN:
SF:C:/Users/a263625/git/TM DEV/Test_Manager/7_implementation/tm/tm-web/src/app/shared/variant/variant-action-menu/variant-action-menu.component.ts
FN:8,(anonymous_2)
FN:3,VariantActionMenuComponent
FN:15,(anonymous_4)
FN:18,(anonymous_5)
FNF:4
FNH:1
FNDA:1,(anonymous_2)
FNDA:0,VariantActionMenuComponent
FNDA:0,(anonymous_4)
FNDA:0,(anonymous_5)
DA:1,1
DA:8,1
DA:9,1
DA:10,1
DA:11,1
DA:12,1
DA:13,1
DA:15,1
DA:16,0
DA:18,1
DA:19,0
DA:22,1
LF:12
LH:10
BRF:0
BRH:0
end_of_record
TN:
SF:C:/Users/a263625/git/TM DEV/Test_Manager/7_implementation/tm/tm-web/src/environments/environment.prod.ts
FNF:0
FNH:0
DA:1,1
LF:1
LH:1
BRF:0
BRH:0
end_of_record
TN:
SF:C:/Users/a263625/git/TM DEV/Test_Manager/7_implementation/tm/tm-web/src/environments/environment.ts
FNF:0
FNH:0
DA:6,1
LF:1
LH:1
BRF:0
BRH:0
end_of_record
TN:
SF:C:/Users/a263625/git/TM DEV/Test_Manager/7_implementation/tm/tm-web/src/testing/mocks/mock-service.ts
FN:6,mockService
FN:10,createServiceMock
FN:15,(anonymous_2)
FN:18,MockOAuthService
FN:26,(anonymous_4)
FN:28,MockSessionStorageService
FNF:6
FNH:4
FNDA:4,mockService
FNDA:6,createServiceMock
FNDA:1,(anonymous_2)
FNDA:0,MockOAuthService
FNDA:1,(anonymous_4)
FNDA:0,MockSessionStorageService
DA:2,1
DA:3,1
DA:4,1
DA:6,1
DA:7,4
DA:10,1
DA:11,6
DA:12,6
DA:15,1
DA:19,0
DA:22,0
DA:24,1
DA:26,1
DA:29,0
DA:30,0
DA:34,1
DA:36,1
LF:17
LH:13
BRF:0
BRH:0
end_of_record
TN:
SF:C:/Users/a263625/git/TM DEV/Test_Manager/7_implementation/tm/tm-web/src/testing/mocks/mock-store.ts
FN:6,(anonymous_0)
FN:8,MockStore
FNF:2
FNH:2
FNDA:1,(anonymous_0)
FNDA:2,MockStore
DA:1,1
DA:2,1
DA:3,1
DA:6,1
DA:9,2
DA:10,2
DA:12,1
DA:14,1
LF:8
LH:8
BRF:0
BRH:0
end_of_record
